Command: ./nerdss -f parms.inp
Start date: 2025-03-18 01:44:23
RNG Seed: 3469838358

Parsing Input: 
This is a new simulation with input file: parms.inp
Parsing simulation parameters...
Read in nItr: 1000000 timeSteps
Read in timeStep: 0.2 us
Read in timeWrite: 10000 timeSteps
Read in trajWrite: 10000 timeSteps
Read in pdbWrite: 10000 timeSteps
Read in restartWrite: 100000 timeSteps
Read in checkPoint: 100000 timeSteps
Read in transitionWrite: 100000 timeSteps
Read in clusterOverlapCheck: false
Read in scaleMaxDisplace: 100
Read in overlapSepLimit: 0.1 nm
Parsing simulation boundary conditions...
Read in waterBox: [200 nm, 200 nm, 200 nm]
Read in hasCompartment: false
Read in compartmentR: 0 nm
Read in compartmentSiteD: 0 nm^2/us
Read in compartmentSiteRho: 0 nm^-2
Parsing mol file information...
C.mol
Read in isLipid: false
Read in isImplicitLipid: false
Read in checkOverlap: true
Read in countTransition: false
Read in mass: 1
Read in D: [10um^2s^-1, 10um^2s^-1, 10um^2s^-1]
Read in Dr: [0.1rad^2s^-1, 0.1rad^2s^-1, 0.1rad^2s^-1]
Coordinates: 
COM: [0nm, 0nm, 0nm]
A1: [-0.069705nm, 0.597908nm, 2.12499nm]
B1: [-0.607224nm, 0.835791nm, 1.69403nm]
Bonds: 
Invalid atom in C mol file. Ignoring bonds...
radius calculated from the ifacesCoord: 2.20861 nm

A.mol
Read in isLipid: false
Read in isImplicitLipid: false
Read in checkOverlap: true
Read in countTransition: false
Read in mass: 1
Read in D: [10um^2s^-1, 10um^2s^-1, 10um^2s^-1]
Read in Dr: [0.1rad^2s^-1, 0.1rad^2s^-1, 0.1rad^2s^-1]
Coordinates: 
COM: [0nm, 0nm, 0nm]
C1: [0.550128nm, -0.013652nm, -1.18564nm]
B1: [-0.806372nm, 0.427132nm, -0.479626nm]
Bonds: 
Invalid atom in A mol file. Ignoring bonds...
radius calculated from the ifacesCoord: 1.30712 nm

B.mol
Read in isLipid: false
Read in isImplicitLipid: false
Read in checkOverlap: true
Read in countTransition: false
Read in mass: 1
Read in D: [10um^2s^-1, 10um^2s^-1, 10um^2s^-1]
Read in Dr: [0.1rad^2s^-1, 0.1rad^2s^-1, 0.1rad^2s^-1]
Coordinates: 
COM: [0nm, 0nm, 0nm]
C1: [0.980186nm, 0.123904nm, -1.03693nm]
A1: [0.532613nm, -0.286597nm, 0.022003nm]
Bonds: 
Invalid atom in B mol file. Ignoring bonds...
radius calculated from the ifacesCoord: 1.43225 nm

Parsing reactions...
Parsing new reaction with form:
	C(A1) + A(C1) <-> C(A1!1).A(C1!1)
Reversible reaction.
Bimolecular reaction detected.
Parsing reactants...
Parsing products...
Read in value of onRate3Dka: 1000nm^3us^-1
Read in value of offRatekb: 10s^-1
Read in value of sigma: 0.932236nm
Read in value of norm1: [0i + 0j + 1k]
Read in value of norm2: [0i + 0j + 1k]
Read in value of assocAngles: [theta1: 1.71472, theta2: 1.77148, phi1: -2.87232, phi2: 1.01633, omega: -2.66167]
Read in value of length3Dto2D: 2nm
Read in value of bindRadSameCom: 1.5
Read in value of loopCoopFactor: 1
Finished reading reaction parameters, constructing reaction.
Checking for valid states for reactant C
Checking for valid states for reactant A
Found corresponding interfaces: React: C(A1) -- Prod: C(A1)
Found corresponding interfaces: React: A(C1) -- Prod: A(C1)
Parameter set complete for reaction [C(A1)+A(C1)<->C(A1!1).A(C1!1)].

Parsing new reaction with form:
	C(B1) + B(C1) <-> C(B1!1).B(C1!1)
Reversible reaction.
Bimolecular reaction detected.
Parsing reactants...
Parsing products...
Read in value of onRate3Dka: 1000nm^3us^-1
Read in value of offRatekb: 10s^-1
Read in value of sigma: 0.717735nm
Read in value of norm1: [0i + 0j + 1k]
Read in value of norm2: [0i + 0j + 1k]
Read in value of assocAngles: [theta1: 2.74499, theta2: 2.5696, phi1: 0.642691, phi2: -1.52324, omega: 1.64526]
Read in value of length3Dto2D: 2nm
Read in value of bindRadSameCom: 1.5
Read in value of loopCoopFactor: 1
Finished reading reaction parameters, constructing reaction.
Checking for valid states for reactant C
Checking for valid states for reactant B
Found corresponding interfaces: React: C(B1) -- Prod: C(B1)
Found corresponding interfaces: React: B(C1) -- Prod: B(C1)
Parameter set complete for reaction [C(B1)+B(C1)<->C(B1!1).B(C1!1)].

Parsing new reaction with form:
	A(B1) + B(A1) <-> A(B1!1).B(A1!1)
Reversible reaction.
Bimolecular reaction detected.
Parsing reactants...
Parsing products...
Read in value of onRate3Dka: 1000nm^3us^-1
Read in value of offRatekb: 10s^-1
Read in value of sigma: 0.655132nm
Read in value of norm1: [0i + 0j + 1k]
Read in value of norm2: [0i + 0j + 1k]
Read in value of assocAngles: [theta1: 2.5255, theta2: 2.75007, phi1: -2.40991, phi2: -1.48028, omega: -2.30112]
Read in value of length3Dto2D: 2nm
Read in value of bindRadSameCom: 1.5
Read in value of loopCoopFactor: 1
Checking for valid states for reactant A
Checking for valid states for reactant B
Found corresponding interfaces: React: A(B1) -- Prod: A(B1)
Found corresponding interfaces: React: B(A1) -- Prod: B(A1)
Parameter set complete for reaction [A(B1)+B(A1)<->A(B1!1).B(A1!1)].


Input file parsing complete
NUMBER OF MOLECULE TYPES: 3NUMBER OF INTERFACES PLUS STATES, including PRODUCTS: 9
NUMBER OF MOLECULES IN GEN COORDS: 150

Finding and fixing overlapping proteins.
Iteration: 1
Overlapping Proteins (false): 0
No overlapping proteins found.

coordinate file: 

Partitioning simulation box into sub-boxes...
Rmaxlimit: 19.3043
Simulation volume parameters:
Total sub-volumes: 1000
	Dimensions: [10, 10, 10]
	Maximum sub-volume neighbors: 13
	Sub-volume size: [20, 20, 20]
 Total species calculated from init_speciesFile.cpp: 9
Initialized copyNumSpecies. Printing all values. total species: 9
 absolute index: 0 Copy nums: 50
 absolute index: 1 Copy nums: 50
 absolute index: 2 Copy nums: 50
 absolute index: 3 Copy nums: 50
 absolute index: 4 Copy nums: 50
 absolute index: 5 Copy nums: 50
 absolute index: 6 Copy nums: 0
 absolute index: 7 Copy nums: 0
 absolute index: 8 Copy nums: 0
Pro pair:  p1: 0 p2: 1 index: 1 C,A'	Pro pair:  p1: 0 p2: 2 index: 2 C,B'	Pro pair:  p1: 1 p2: 2 index: 5 A,B'	size of proPairlist: 3 Number of pairs: 9 numMolTypes: 3

Simulation Parameters
Number of iterations: 1000000 timesteps
Timestep: 0.2 us
Timestep log interval (timeWrite): 10000 timesteps
Restart file write interval: 100000 timesteps
Coordinate write interval (trajWrite): 10000 timesteps
PDB Coordinate write interval: 10000 timesteps
Checkpoint write interval: 100000 timesteps
overlapSepLimit: 0.1 nm
Transition matrix write interval: 100000 timesteps
ClusterOverlapCheck: false
Molecule specific parameters:
Number of unique molecule types: 3
Total number of unique interfaces and states, including product states: 9
Total number of complexes in system at start: 150
Total number of units (molecules + interfaces) in system at start: 450
Maximum allowed number of unique 2D reactions: 10000
 isSphere? false
 sphere Radius 0
 hasCompartment? true
 compartment Radius 0
 BOX geometry, dimensions: 
200 200 200
 hasImplicitLipid? false

Molecule Information
Molecule template 0
Name: C
Copy number:50
 Diffusion trans: 10 10 10
 Diffusion Rot: 0.1 0.1 0.1
Is a promoter: false
Is a rod: false
Is a point: false
Radius: 2.20861

Interfaces:
Name: A1
Relative index: 0
Absolute index: 0
Forward Reactions:  (0)

Name: B1
Relative index: 1
Absolute index: 1
Forward Reactions:  (1)

Molecule template 1
Name: A
Copy number:50
 Diffusion trans: 10 10 10
 Diffusion Rot: 0.1 0.1 0.1
Is a promoter: false
Is a rod: false
Is a point: false
Radius: 1.30712

Interfaces:
Name: C1
Relative index: 0
Absolute index: 2
Forward Reactions:  (0)

Name: B1
Relative index: 1
Absolute index: 3
Forward Reactions:  (2)

Molecule template 2
Name: B
Copy number:50
 Diffusion trans: 10 10 10
 Diffusion Rot: 0.1 0.1 0.1
Is a promoter: false
Is a rod: false
Is a point: false
Radius: 1.43225

Interfaces:
Name: C1
Relative index: 0
Absolute index: 4
Forward Reactions:  (1)

Name: A1
Relative index: 1
Absolute index: 5
Forward Reactions:  (2)


Reactions
Forward Rxn: 0
Absolute index: 0
Type: Bimolecular association
Reactants:
 [iface name: A1, iface index: 0, required Free]
 [iface name: C1, iface index: 2, required Free]

Products:
 [iface name: A1, iface index: 6, requires interaction]
 [iface name: C1, iface index: 6, requires interaction]

Rate(s):
Rate 0: 1000
Reactant 1 requires interfaces:
Reactant 2 requires interfaces:
Sigma: 0.932236
Association angles:
Theta 1   1.71472
Theta 2   1.77148
Phi 1     -2.87232
Phi 2     1.01633
Omega     -2.66167

label: nonspecified
Is On Membrane: false
bindRadSameCom 1.5
loopCoopFactor 1
length3Dto2D 2
area3Dto1D -1
isCoupled? false

Back Rxn: 0
Absolute index: 1
Type: Bimolecular association
Reactants:
 [iface name: A1, iface index: 6, requires interaction]
 [iface name: C1, iface index: 6, requires interaction]

Products:
 [iface name: A1, iface index: 0, required Free]
 [iface name: C1, iface index: 2, required Free]


Rate(s):
Rate 0: 10
Reactant 1 requires interfaces:
Reactant 2 requires interfaces:
On Membrane? false
Forward Rxn: 1
Absolute index: 2
Type: Bimolecular association
Reactants:
 [iface name: B1, iface index: 1, required Free]
 [iface name: C1, iface index: 4, required Free]

Products:
 [iface name: B1, iface index: 7, requires interaction]
 [iface name: C1, iface index: 7, requires interaction]

Rate(s):
Rate 0: 1000
Reactant 1 requires interfaces:
Reactant 2 requires interfaces:
Sigma: 0.717735
Association angles:
Theta 1   2.74499
Theta 2    2.5696
Phi 1     0.642691
Phi 2     -1.52324
Omega     1.64526

label: nonspecified
Is On Membrane: false
bindRadSameCom 1.5
loopCoopFactor 1
length3Dto2D 2
area3Dto1D -1
isCoupled? false

Back Rxn: 1
Absolute index: 3
Type: Bimolecular association
Reactants:
 [iface name: B1, iface index: 7, requires interaction]
 [iface name: C1, iface index: 7, requires interaction]

Products:
 [iface name: B1, iface index: 1, required Free]
 [iface name: C1, iface index: 4, required Free]


Rate(s):
Rate 0: 10
Reactant 1 requires interfaces:
Reactant 2 requires interfaces:
On Membrane? false
Forward Rxn: 2
Absolute index: 4
Type: Bimolecular association
Reactants:
 [iface name: B1, iface index: 3, required Free]
 [iface name: A1, iface index: 5, required Free]

Products:
 [iface name: B1, iface index: 8, requires interaction]
 [iface name: A1, iface index: 8, requires interaction]

Rate(s):
Rate 0: 1000
Reactant 1 requires interfaces:
Reactant 2 requires interfaces:
Sigma: 0.655132
Association angles:
Theta 1    2.5255
Theta 2   2.75007
Phi 1     -2.40991
Phi 2     -1.48028
Omega     -2.30112

label: nonspecified
Is On Membrane: false
bindRadSameCom 1.5
loopCoopFactor 1
length3Dto2D 2
area3Dto1D -1
isCoupled? false

Back Rxn: 2
Absolute index: 5
Type: Bimolecular association
Reactants:
 [iface name: B1, iface index: 8, requires interaction]
 [iface name: A1, iface index: 8, requires interaction]

Products:
 [iface name: B1, iface index: 3, required Free]
 [iface name: A1, iface index: 5, required Free]


Rate(s):
Rate 0: 10
Reactant 1 requires interfaces:
Reactant 2 requires interfaces:
On Membrane? false
*************** BEGIN SIMULATION **************** 
------------------- 
End iteration: 10000, simulation time: 2.000000e-03 seconds.
System time: 2025-03-18 01:44:24
Elapsed time: 0 minutes
Number of molecules: 150
Number of complexes: 75
Total reaction matches: 617023
Avg timestep duration: 3.878596e-05, iterations remaining: 990000, Time left: 0 minutes
Estimated end time: 2025-03-18 01:45:02
------------------------------------------------- 
------------------- 
End iteration: 20000, simulation time: 4.000000e-03 seconds.
System time: 2025-03-18 01:44:24
Elapsed time: 0 minutes
Number of molecules: 150
Number of complexes: 64
Total reaction matches: 742764
Avg timestep duration: 3.573115e-05, iterations remaining: 980000, Time left: 0 minutes
Estimated end time: 2025-03-18 01:44:59
------------------------------------------------- 
------------------- 
End iteration: 30000, simulation time: 6.000000e-03 seconds.
System time: 2025-03-18 01:44:25
Elapsed time: 0 minutes
Number of molecules: 150
Number of complexes: 61
Total reaction matches: 805062
Avg timestep duration: 3.300188e-05, iterations remaining: 970000, Time left: 0 minutes
Estimated end time: 2025-03-18 01:44:57
------------------------------------------------- 
------------------- 
End iteration: 40000, simulation time: 8.000000e-03 seconds.
System time: 2025-03-18 01:44:25
Elapsed time: 0 minutes
Number of molecules: 150
Number of complexes: 61
Total reaction matches: 871012
Avg timestep duration: 3.452922e-05, iterations remaining: 960000, Time left: 0 minutes
Estimated end time: 2025-03-18 01:44:58
------------------------------------------------- 
------------------- 
End iteration: 50000, simulation time: 1.000000e-02 seconds.
System time: 2025-03-18 01:44:25
Elapsed time: 0 minutes
Number of molecules: 150
Number of complexes: 58
Total reaction matches: 912948
Avg timestep duration: 3.137957e-05, iterations remaining: 950000, Time left: 0 minutes
Estimated end time: 2025-03-18 01:44:55
------------------------------------------------- 
------------------- 
End iteration: 60000, simulation time: 1.200000e-02 seconds.
System time: 2025-03-18 01:44:25
Elapsed time: 0 minutes
Number of molecules: 150
Number of complexes: 57
Total reaction matches: 943171
Avg timestep duration: 3.125755e-05, iterations remaining: 940000, Time left: 0 minutes
Estimated end time: 2025-03-18 01:44:55
------------------------------------------------- 
------------------- 
End iteration: 70000, simulation time: 1.400000e-02 seconds.
System time: 2025-03-18 01:44:26
Elapsed time: 0 minutes
Number of molecules: 150
Number of complexes: 57
Total reaction matches: 966421
Avg timestep duration: 3.285192e-05, iterations remaining: 930000, Time left: 0 minutes
Estimated end time: 2025-03-18 01:44:56
------------------------------------------------- 
------------------- 
End iteration: 80000, simulation time: 1.600000e-02 seconds.
System time: 2025-03-18 01:44:26
Elapsed time: 0 minutes
Number of molecules: 150
Number of complexes: 56
Total reaction matches: 988272
Avg timestep duration: 3.038886e-05, iterations remaining: 920000, Time left: 0 minutes
Estimated end time: 2025-03-18 01:44:54
------------------------------------------------- 
------------------- 
End iteration: 90000, simulation time: 1.800000e-02 seconds.
System time: 2025-03-18 01:44:26
Elapsed time: 0 minutes
Number of molecules: 150
Number of complexes: 56
Total reaction matches: 1013946
Avg timestep duration: 3.463846e-05, iterations remaining: 910000, Time left: 0 minutes
Estimated end time: 2025-03-18 01:44:58
------------------------------------------------- 
------------------- 
End iteration: 100000, simulation time: 2.000000e-02 seconds.
System time: 2025-03-18 01:44:27
Elapsed time: 0 minutes
Number of molecules: 150
Number of complexes: 56
Total reaction matches: 1034358
Avg timestep duration: 3.202750e-05, iterations remaining: 900000, Time left: 0 minutes
Estimated end time: 2025-03-18 01:44:56
------------------------------------------------- 
------------------- 
End iteration: 110000, simulation time: 2.200000e-02 seconds.
System time: 2025-03-18 01:44:27
Elapsed time: 0 minutes
Number of molecules: 150
Number of complexes: 56
Total reaction matches: 1062016
Avg timestep duration: 3.068010e-05, iterations remaining: 890000, Time left: 0 minutes
Estimated end time: 2025-03-18 01:44:54
------------------------------------------------- 
------------------- 
End iteration: 120000, simulation time: 2.400000e-02 seconds.
System time: 2025-03-18 01:44:27
Elapsed time: 0 minutes
Number of molecules: 150
Number of complexes: 56
Total reaction matches: 1084843
Avg timestep duration: 3.131180e-05, iterations remaining: 880000, Time left: 0 minutes
Estimated end time: 2025-03-18 01:44:55
------------------------------------------------- 
------------------- 
End iteration: 130000, simulation time: 2.600000e-02 seconds.
System time: 2025-03-18 01:44:28
Elapsed time: 0 minutes
Number of molecules: 150
Number of complexes: 56
Total reaction matches: 1114502
Avg timestep duration: 3.034081e-05, iterations remaining: 870000, Time left: 0 minutes
Estimated end time: 2025-03-18 01:44:54
------------------------------------------------- 
------------------- 
End iteration: 140000, simulation time: 2.800000e-02 seconds.
System time: 2025-03-18 01:44:28
Elapsed time: 0 minutes
Number of molecules: 150
Number of complexes: 56
Total reaction matches: 1136281
Avg timestep duration: 3.278653e-05, iterations remaining: 860000, Time left: 0 minutes
Estimated end time: 2025-03-18 01:44:56
------------------------------------------------- 
------------------- 
End iteration: 150000, simulation time: 3.000000e-02 seconds.
System time: 2025-03-18 01:44:28
Elapsed time: 0 minutes
Number of molecules: 150
Number of complexes: 56
Total reaction matches: 1154535
Avg timestep duration: 3.134379e-05, iterations remaining: 850000, Time left: 0 minutes
Estimated end time: 2025-03-18 01:44:55
------------------------------------------------- 
------------------- 
End iteration: 160000, simulation time: 3.200000e-02 seconds.
System time: 2025-03-18 01:44:29
Elapsed time: 0 minutes
Number of molecules: 150
Number of complexes: 56
Total reaction matches: 1179329
Avg timestep duration: 3.127771e-05, iterations remaining: 840000, Time left: 0 minutes
Estimated end time: 2025-03-18 01:44:55
------------------------------------------------- 
------------------- 
End iteration: 170000, simulation time: 3.400000e-02 seconds.
System time: 2025-03-18 01:44:29
Elapsed time: 0 minutes
Number of molecules: 150
Number of complexes: 56
Total reaction matches: 1205507
Avg timestep duration: 3.260831e-05, iterations remaining: 830000, Time left: 0 minutes
Estimated end time: 2025-03-18 01:44:56
------------------------------------------------- 
------------------- 
End iteration: 180000, simulation time: 3.600000e-02 seconds.
System time: 2025-03-18 01:44:29
Elapsed time: 0 minutes
Number of molecules: 150
Number of complexes: 56
Total reaction matches: 1230283
Avg timestep duration: 3.047481e-05, iterations remaining: 820000, Time left: 0 minutes
Estimated end time: 2025-03-18 01:44:54
------------------------------------------------- 
------------------- 
End iteration: 190000, simulation time: 3.800000e-02 seconds.
System time: 2025-03-18 01:44:29
Elapsed time: 0 minutes
Number of molecules: 150
Number of complexes: 56
Total reaction matches: 1260494
Avg timestep duration: 3.135814e-05, iterations remaining: 810000, Time left: 0 minutes
Estimated end time: 2025-03-18 01:44:55
------------------------------------------------- 
------------------- 
End iteration: 200000, simulation time: 4.000000e-02 seconds.
System time: 2025-03-18 01:44:30
Elapsed time: 0 minutes
Number of molecules: 150
Number of complexes: 56
Total reaction matches: 1285835
Avg timestep duration: 3.376874e-05, iterations remaining: 800000, Time left: 0 minutes
Estimated end time: 2025-03-18 01:44:57
------------------------------------------------- 
------------------- 
End iteration: 210000, simulation time: 4.200000e-02 seconds.
System time: 2025-03-18 01:44:30
Elapsed time: 0 minutes
Number of molecules: 150
Number of complexes: 56
Total reaction matches: 1304196
Avg timestep duration: 3.087970e-05, iterations remaining: 790000, Time left: 0 minutes
Estimated end time: 2025-03-18 01:44:54
------------------------------------------------- 
------------------- 
End iteration: 220000, simulation time: 4.400000e-02 seconds.
System time: 2025-03-18 01:44:30
Elapsed time: 0 minutes
Number of molecules: 150
Number of complexes: 56
Total reaction matches: 1327882
Avg timestep duration: 3.242883e-05, iterations remaining: 780000, Time left: 0 minutes
Estimated end time: 2025-03-18 01:44:56
------------------------------------------------- 
------------------- 
End iteration: 230000, simulation time: 4.600000e-02 seconds.
System time: 2025-03-18 01:44:31
Elapsed time: 0 minutes
Number of molecules: 150
Number of complexes: 56
Total reaction matches: 1356866
Avg timestep duration: 3.079532e-05, iterations remaining: 770000, Time left: 0 minutes
Estimated end time: 2025-03-18 01:44:54
------------------------------------------------- 
------------------- 
End iteration: 240000, simulation time: 4.800000e-02 seconds.
System time: 2025-03-18 01:44:31
Elapsed time: 0 minutes
Number of molecules: 150
Number of complexes: 56
Total reaction matches: 1380479
Avg timestep duration: 3.084285e-05, iterations remaining: 760000, Time left: 0 minutes
Estimated end time: 2025-03-18 01:44:54
------------------------------------------------- 
------------------- 
End iteration: 250000, simulation time: 5.000000e-02 seconds.
System time: 2025-03-18 01:44:31
Elapsed time: 0 minutes
Number of molecules: 150
Number of complexes: 56
Total reaction matches: 1400858
Avg timestep duration: 3.318750e-05, iterations remaining: 750000, Time left: 0 minutes
Estimated end time: 2025-03-18 01:44:56
------------------------------------------------- 
------------------- 
End iteration: 260000, simulation time: 5.200000e-02 seconds.
System time: 2025-03-18 01:44:31
Elapsed time: 0 minutes
Number of molecules: 150
Number of complexes: 56
Total reaction matches: 1421786
Avg timestep duration: 3.045251e-05, iterations remaining: 740000, Time left: 0 minutes
Estimated end time: 2025-03-18 01:44:54
------------------------------------------------- 
------------------- 
End iteration: 270000, simulation time: 5.400000e-02 seconds.
System time: 2025-03-18 01:44:32
Elapsed time: 0 minutes
Number of molecules: 150
Number of complexes: 56
Total reaction matches: 1443059
Avg timestep duration: 3.083943e-05, iterations remaining: 730000, Time left: 0 minutes
Estimated end time: 2025-03-18 01:44:54
------------------------------------------------- 
------------------- 
End iteration: 280000, simulation time: 5.600000e-02 seconds.
System time: 2025-03-18 01:44:32
Elapsed time: 0 minutes
Number of molecules: 150
Number of complexes: 56
Total reaction matches: 1464871
Avg timestep duration: 3.106760e-05, iterations remaining: 720000, Time left: 0 minutes
Estimated end time: 2025-03-18 01:44:54
------------------------------------------------- 
------------------- 
End iteration: 290000, simulation time: 5.800000e-02 seconds.
System time: 2025-03-18 01:44:32
Elapsed time: 0 minutes
Number of molecules: 150
Number of complexes: 56
Total reaction matches: 1487034
Avg timestep duration: 3.120216e-05, iterations remaining: 710000, Time left: 0 minutes
Estimated end time: 2025-03-18 01:44:55
------------------------------------------------- 
------------------- 
End iteration: 300000, simulation time: 6.000000e-02 seconds.
System time: 2025-03-18 01:44:33
Elapsed time: 0 minutes
Number of molecules: 150
Number of complexes: 56
Total reaction matches: 1512879
Avg timestep duration: 3.515071e-05, iterations remaining: 700000, Time left: 0 minutes
Estimated end time: 2025-03-18 01:44:57
------------------------------------------------- 
------------------- 
End iteration: 310000, simulation time: 6.200000e-02 seconds.
System time: 2025-03-18 01:44:33
Elapsed time: 0 minutes
Number of molecules: 150
Number of complexes: 56
Total reaction matches: 1543734
Avg timestep duration: 2.977953e-05, iterations remaining: 690000, Time left: 0 minutes
Estimated end time: 2025-03-18 01:44:54
------------------------------------------------- 
------------------- 
End iteration: 320000, simulation time: 6.400000e-02 seconds.
System time: 2025-03-18 01:44:33
Elapsed time: 0 minutes
Number of molecules: 150
Number of complexes: 56
Total reaction matches: 1568421
Avg timestep duration: 3.019406e-05, iterations remaining: 680000, Time left: 0 minutes
Estimated end time: 2025-03-18 01:44:54
------------------------------------------------- 
------------------- 
End iteration: 330000, simulation time: 6.600000e-02 seconds.
System time: 2025-03-18 01:44:34
Elapsed time: 0 minutes
Number of molecules: 150
Number of complexes: 56
Total reaction matches: 1593919
Avg timestep duration: 3.238617e-05, iterations remaining: 670000, Time left: 0 minutes
Estimated end time: 2025-03-18 01:44:55
------------------------------------------------- 
------------------- 
End iteration: 340000, simulation time: 6.800000e-02 seconds.
System time: 2025-03-18 01:44:34
Elapsed time: 0 minutes
Number of molecules: 150
Number of complexes: 56
Total reaction matches: 1615875
Avg timestep duration: 3.022124e-05, iterations remaining: 660000, Time left: 0 minutes
Estimated end time: 2025-03-18 01:44:54
------------------------------------------------- 
------------------- 
End iteration: 350000, simulation time: 7.000000e-02 seconds.
System time: 2025-03-18 01:44:34
Elapsed time: 0 minutes
Number of molecules: 150
Number of complexes: 56
Total reaction matches: 1636086
Avg timestep duration: 3.111097e-05, iterations remaining: 650000, Time left: 0 minutes
Estimated end time: 2025-03-18 01:44:54
------------------------------------------------- 
------------------- 
End iteration: 360000, simulation time: 7.200000e-02 seconds.
System time: 2025-03-18 01:44:34
Elapsed time: 0 minutes
Number of molecules: 150
Number of complexes: 57
Total reaction matches: 1659949
Avg timestep duration: 3.017815e-05, iterations remaining: 640000, Time left: 0 minutes
Estimated end time: 2025-03-18 01:44:54
------------------------------------------------- 
------------------- 
End iteration: 370000, simulation time: 7.400000e-02 seconds.
System time: 2025-03-18 01:44:35
Elapsed time: 0 minutes
Number of molecules: 150
Number of complexes: 57
Total reaction matches: 1684992
Avg timestep duration: 3.024063e-05, iterations remaining: 630000, Time left: 0 minutes
Estimated end time: 2025-03-18 01:44:54
------------------------------------------------- 
------------------- 
End iteration: 380000, simulation time: 7.600000e-02 seconds.
System time: 2025-03-18 01:44:35
Elapsed time: 0 minutes
Number of molecules: 150
Number of complexes: 57
Total reaction matches: 1712730
Avg timestep duration: 3.152381e-05, iterations remaining: 620000, Time left: 0 minutes
Estimated end time: 2025-03-18 01:44:55
------------------------------------------------- 
------------------- 
End iteration: 390000, simulation time: 7.800000e-02 seconds.
System time: 2025-03-18 01:44:35
Elapsed time: 0 minutes
Number of molecules: 150
Number of complexes: 56
Total reaction matches: 1735348
Avg timestep duration: 3.003487e-05, iterations remaining: 610000, Time left: 0 minutes
Estimated end time: 2025-03-18 01:44:54
------------------------------------------------- 
------------------- 
End iteration: 400000, simulation time: 8.000000e-02 seconds.
System time: 2025-03-18 01:44:36
Elapsed time: 0 minutes
Number of molecules: 150
Number of complexes: 56
Total reaction matches: 1758710
Avg timestep duration: 3.270539e-05, iterations remaining: 600000, Time left: 0 minutes
Estimated end time: 2025-03-18 01:44:55
------------------------------------------------- 
------------------- 
End iteration: 410000, simulation time: 8.200000e-02 seconds.
System time: 2025-03-18 01:44:36
Elapsed time: 0 minutes
Number of molecules: 150
Number of complexes: 56
Total reaction matches: 1778780
Avg timestep duration: 3.077435e-05, iterations remaining: 590000, Time left: 0 minutes
Estimated end time: 2025-03-18 01:44:54
------------------------------------------------- 
------------------- 
End iteration: 420000, simulation time: 8.400000e-02 seconds.
System time: 2025-03-18 01:44:36
Elapsed time: 0 minutes
Number of molecules: 150
Number of complexes: 55
Total reaction matches: 1801609
Avg timestep duration: 2.932859e-05, iterations remaining: 580000, Time left: 0 minutes
Estimated end time: 2025-03-18 01:44:53
------------------------------------------------- 
------------------- 
End iteration: 430000, simulation time: 8.600000e-02 seconds.
System time: 2025-03-18 01:44:36
Elapsed time: 0 minutes
Number of molecules: 150
Number of complexes: 55
Total reaction matches: 1815784
Avg timestep duration: 3.096981e-05, iterations remaining: 570000, Time left: 0 minutes
Estimated end time: 2025-03-18 01:44:54
------------------------------------------------- 
------------------- 
End iteration: 440000, simulation time: 8.800000e-02 seconds.
System time: 2025-03-18 01:44:37
Elapsed time: 0 minutes
Number of molecules: 150
Number of complexes: 55
Total reaction matches: 1834008
Avg timestep duration: 2.937792e-05, iterations remaining: 560000, Time left: 0 minutes
Estimated end time: 2025-03-18 01:44:53
------------------------------------------------- 
------------------- 
End iteration: 450000, simulation time: 9.000000e-02 seconds.
System time: 2025-03-18 01:44:37
Elapsed time: 0 minutes
Number of molecules: 150
Number of complexes: 55
Total reaction matches: 1858267
Avg timestep duration: 2.969427e-05, iterations remaining: 550000, Time left: 0 minutes
Estimated end time: 2025-03-18 01:44:53
------------------------------------------------- 
------------------- 
End iteration: 460000, simulation time: 9.200000e-02 seconds.
System time: 2025-03-18 01:44:37
Elapsed time: 0 minutes
Number of molecules: 150
Number of complexes: 55
Total reaction matches: 1870993
Avg timestep duration: 2.991973e-05, iterations remaining: 540000, Time left: 0 minutes
Estimated end time: 2025-03-18 01:44:53
------------------------------------------------- 
------------------- 
End iteration: 470000, simulation time: 9.400000e-02 seconds.
System time: 2025-03-18 01:44:38
Elapsed time: 0 minutes
Number of molecules: 150
Number of complexes: 55
Total reaction matches: 1888609
Avg timestep duration: 2.927332e-05, iterations remaining: 530000, Time left: 0 minutes
Estimated end time: 2025-03-18 01:44:53
------------------------------------------------- 
------------------- 
End iteration: 480000, simulation time: 9.600000e-02 seconds.
System time: 2025-03-18 01:44:38
Elapsed time: 0 minutes
Number of molecules: 150
Number of complexes: 55
Total reaction matches: 1906475
Avg timestep duration: 2.923681e-05, iterations remaining: 520000, Time left: 0 minutes
Estimated end time: 2025-03-18 01:44:53
------------------------------------------------- 
------------------- 
End iteration: 490000, simulation time: 9.800000e-02 seconds.
System time: 2025-03-18 01:44:38
Elapsed time: 0 minutes
Number of molecules: 150
Number of complexes: 55
Total reaction matches: 1928157
Avg timestep duration: 3.276607e-05, iterations remaining: 510000, Time left: 0 minutes
Estimated end time: 2025-03-18 01:44:55
------------------------------------------------- 
------------------- 
End iteration: 500000, simulation time: 1.000000e-01 seconds.
System time: 2025-03-18 01:44:38
Elapsed time: 0 minutes
Number of molecules: 150
Number of complexes: 55
Total reaction matches: 1938364
Avg timestep duration: 3.333909e-05, iterations remaining: 500000, Time left: 0 minutes
Estimated end time: 2025-03-18 01:44:55
------------------------------------------------- 
------------------- 
End iteration: 510000, simulation time: 1.020000e-01 seconds.
System time: 2025-03-18 01:44:39
Elapsed time: 0 minutes
Number of molecules: 150
Number of complexes: 55
Total reaction matches: 1959087
Avg timestep duration: 3.154638e-05, iterations remaining: 490000, Time left: 0 minutes
Estimated end time: 2025-03-18 01:44:54
------------------------------------------------- 
------------------- 
End iteration: 520000, simulation time: 1.040000e-01 seconds.
System time: 2025-03-18 01:44:39
Elapsed time: 0 minutes
Number of molecules: 150
Number of complexes: 55
Total reaction matches: 1978581
Avg timestep duration: 3.031197e-05, iterations remaining: 480000, Time left: 0 minutes
Estimated end time: 2025-03-18 01:44:54
------------------------------------------------- 
------------------- 
End iteration: 530000, simulation time: 1.060000e-01 seconds.
System time: 2025-03-18 01:44:39
Elapsed time: 0 minutes
Number of molecules: 150
Number of complexes: 55
Total reaction matches: 1998862
Avg timestep duration: 2.960488e-05, iterations remaining: 470000, Time left: 0 minutes
Estimated end time: 2025-03-18 01:44:53
------------------------------------------------- 
------------------- 
End iteration: 540000, simulation time: 1.080000e-01 seconds.
System time: 2025-03-18 01:44:40
Elapsed time: 0 minutes
Number of molecules: 150
Number of complexes: 55
Total reaction matches: 2018208
Avg timestep duration: 2.982871e-05, iterations remaining: 460000, Time left: 0 minutes
Estimated end time: 2025-03-18 01:44:53
------------------------------------------------- 
------------------- 
End iteration: 550000, simulation time: 1.100000e-01 seconds.
System time: 2025-03-18 01:44:40
Elapsed time: 0 minutes
Number of molecules: 150
Number of complexes: 55
Total reaction matches: 2037173
Avg timestep duration: 2.999266e-05, iterations remaining: 450000, Time left: 0 minutes
Estimated end time: 2025-03-18 01:44:53
------------------------------------------------- 
------------------- 
End iteration: 560000, simulation time: 1.120000e-01 seconds.
System time: 2025-03-18 01:44:40
Elapsed time: 0 minutes
Number of molecules: 150
Number of complexes: 55
Total reaction matches: 2054415
Avg timestep duration: 2.974296e-05, iterations remaining: 440000, Time left: 0 minutes
Estimated end time: 2025-03-18 01:44:53
------------------------------------------------- 
------------------- 
End iteration: 570000, simulation time: 1.140000e-01 seconds.
System time: 2025-03-18 01:44:41
Elapsed time: 0 minutes
Number of molecules: 150
Number of complexes: 55
Total reaction matches: 2073272
Avg timestep duration: 3.089628e-05, iterations remaining: 430000, Time left: 0 minutes
Estimated end time: 2025-03-18 01:44:54
------------------------------------------------- 
------------------- 
End iteration: 580000, simulation time: 1.160000e-01 seconds.
System time: 2025-03-18 01:44:41
Elapsed time: 0 minutes
Number of molecules: 150
Number of complexes: 55
Total reaction matches: 2093819
Avg timestep duration: 2.942535e-05, iterations remaining: 420000, Time left: 0 minutes
Estimated end time: 2025-03-18 01:44:53
------------------------------------------------- 
------------------- 
End iteration: 590000, simulation time: 1.180000e-01 seconds.
System time: 2025-03-18 01:44:41
Elapsed time: 0 minutes
Number of molecules: 150
Number of complexes: 55
Total reaction matches: 2109299
Avg timestep duration: 3.220770e-05, iterations remaining: 410000, Time left: 0 minutes
Estimated end time: 2025-03-18 01:44:54
------------------------------------------------- 
------------------- 
End iteration: 600000, simulation time: 1.200000e-01 seconds.
System time: 2025-03-18 01:44:41
Elapsed time: 0 minutes
Number of molecules: 150
Number of complexes: 55
Total reaction matches: 2132186
Avg timestep duration: 3.466488e-05, iterations remaining: 400000, Time left: 0 minutes
Estimated end time: 2025-03-18 01:44:55
------------------------------------------------- 
------------------- 
End iteration: 610000, simulation time: 1.220000e-01 seconds.
System time: 2025-03-18 01:44:42
Elapsed time: 0 minutes
Number of molecules: 150
Number of complexes: 55
Total reaction matches: 2152796
Avg timestep duration: 3.051911e-05, iterations remaining: 390000, Time left: 0 minutes
Estimated end time: 2025-03-18 01:44:54
------------------------------------------------- 
------------------- 
End iteration: 620000, simulation time: 1.240000e-01 seconds.
System time: 2025-03-18 01:44:42
Elapsed time: 0 minutes
Number of molecules: 150
Number of complexes: 55
Total reaction matches: 2174924
Avg timestep duration: 3.259413e-05, iterations remaining: 380000, Time left: 0 minutes
Estimated end time: 2025-03-18 01:44:54
------------------------------------------------- 
------------------- 
End iteration: 630000, simulation time: 1.260000e-01 seconds.
System time: 2025-03-18 01:44:42
Elapsed time: 0 minutes
Number of molecules: 150
Number of complexes: 55
Total reaction matches: 2191476
Avg timestep duration: 2.993107e-05, iterations remaining: 370000, Time left: 0 minutes
Estimated end time: 2025-03-18 01:44:53
------------------------------------------------- 
------------------- 
End iteration: 640000, simulation time: 1.280000e-01 seconds.
System time: 2025-03-18 01:44:43
Elapsed time: 0 minutes
Number of molecules: 150
Number of complexes: 55
Total reaction matches: 2207059
Avg timestep duration: 3.027373e-05, iterations remaining: 360000, Time left: 0 minutes
Estimated end time: 2025-03-18 01:44:54
------------------------------------------------- 
------------------- 
End iteration: 650000, simulation time: 1.300000e-01 seconds.
System time: 2025-03-18 01:44:43
Elapsed time: 0 minutes
Number of molecules: 150
Number of complexes: 55
Total reaction matches: 2222217
Avg timestep duration: 3.246728e-05, iterations remaining: 350000, Time left: 0 minutes
Estimated end time: 2025-03-18 01:44:54
------------------------------------------------- 
------------------- 
End iteration: 660000, simulation time: 1.320000e-01 seconds.
System time: 2025-03-18 01:44:43
Elapsed time: 0 minutes
Number of molecules: 150
Number of complexes: 55
Total reaction matches: 2244331
Avg timestep duration: 2.989683e-05, iterations remaining: 340000, Time left: 0 minutes
Estimated end time: 2025-03-18 01:44:53
------------------------------------------------- 
------------------- 
End iteration: 670000, simulation time: 1.340000e-01 seconds.
System time: 2025-03-18 01:44:44
Elapsed time: 0 minutes
Number of molecules: 150
Number of complexes: 55
Total reaction matches: 2260813
Avg timestep duration: 2.951873e-05, iterations remaining: 330000, Time left: 0 minutes
Estimated end time: 2025-03-18 01:44:53
------------------------------------------------- 
------------------- 
End iteration: 680000, simulation time: 1.360000e-01 seconds.
System time: 2025-03-18 01:44:44
Elapsed time: 0 minutes
Number of molecules: 150
Number of complexes: 55
Total reaction matches: 2280104
Avg timestep duration: 3.079163e-05, iterations remaining: 320000, Time left: 0 minutes
Estimated end time: 2025-03-18 01:44:54
------------------------------------------------- 
------------------- 
End iteration: 690000, simulation time: 1.380000e-01 seconds.
System time: 2025-03-18 01:44:44
Elapsed time: 0 minutes
Number of molecules: 150
Number of complexes: 55
Total reaction matches: 2297906
Avg timestep duration: 2.969630e-05, iterations remaining: 310000, Time left: 0 minutes
Estimated end time: 2025-03-18 01:44:53
------------------------------------------------- 
------------------- 
End iteration: 700000, simulation time: 1.400000e-01 seconds.
System time: 2025-03-18 01:44:44
Elapsed time: 0 minutes
Number of molecules: 150
Number of complexes: 55
Total reaction matches: 2318974
Avg timestep duration: 3.269535e-05, iterations remaining: 300000, Time left: 0 minutes
Estimated end time: 2025-03-18 01:44:54
------------------------------------------------- 
------------------- 
End iteration: 710000, simulation time: 1.420000e-01 seconds.
System time: 2025-03-18 01:44:45
Elapsed time: 0 minutes
Number of molecules: 150
Number of complexes: 55
Total reaction matches: 2336928
Avg timestep duration: 2.944454e-05, iterations remaining: 290000, Time left: 0 minutes
Estimated end time: 2025-03-18 01:44:53
------------------------------------------------- 
------------------- 
End iteration: 720000, simulation time: 1.440000e-01 seconds.
System time: 2025-03-18 01:44:45
Elapsed time: 0 minutes
Number of molecules: 150
Number of complexes: 55
Total reaction matches: 2352455
Avg timestep duration: 3.007915e-05, iterations remaining: 280000, Time left: 0 minutes
Estimated end time: 2025-03-18 01:44:53
------------------------------------------------- 
------------------- 
End iteration: 730000, simulation time: 1.460000e-01 seconds.
System time: 2025-03-18 01:44:45
Elapsed time: 0 minutes
Number of molecules: 150
Number of complexes: 55
Total reaction matches: 2369973
Avg timestep duration: 3.087966e-05, iterations remaining: 270000, Time left: 0 minutes
Estimated end time: 2025-03-18 01:44:54
------------------------------------------------- 
------------------- 
End iteration: 740000, simulation time: 1.480000e-01 seconds.
System time: 2025-03-18 01:44:46
Elapsed time: 0 minutes
Number of molecules: 150
Number of complexes: 55
Total reaction matches: 2383540
Avg timestep duration: 3.028986e-05, iterations remaining: 260000, Time left: 0 minutes
Estimated end time: 2025-03-18 01:44:53
------------------------------------------------- 
------------------- 
End iteration: 750000, simulation time: 1.500000e-01 seconds.
System time: 2025-03-18 01:44:46
Elapsed time: 0 minutes
Number of molecules: 150
Number of complexes: 55
Total reaction matches: 2401525
Avg timestep duration: 3.057533e-05, iterations remaining: 250000, Time left: 0 minutes
Estimated end time: 2025-03-18 01:44:53
------------------------------------------------- 
------------------- 
End iteration: 760000, simulation time: 1.520000e-01 seconds.
System time: 2025-03-18 01:44:46
Elapsed time: 0 minutes
Number of molecules: 150
Number of complexes: 55
Total reaction matches: 2418336
Avg timestep duration: 3.147142e-05, iterations remaining: 240000, Time left: 0 minutes
Estimated end time: 2025-03-18 01:44:54
------------------------------------------------- 
------------------- 
End iteration: 770000, simulation time: 1.540000e-01 seconds.
System time: 2025-03-18 01:44:46
Elapsed time: 0 minutes
Number of molecules: 150
Number of complexes: 55
Total reaction matches: 2432398
Avg timestep duration: 3.015257e-05, iterations remaining: 230000, Time left: 0 minutes
Estimated end time: 2025-03-18 01:44:53
------------------------------------------------- 
------------------- 
End iteration: 780000, simulation time: 1.560000e-01 seconds.
System time: 2025-03-18 01:44:47
Elapsed time: 0 minutes
Number of molecules: 150
Number of complexes: 55
Total reaction matches: 2445915
Avg timestep duration: 3.110333e-05, iterations remaining: 220000, Time left: 0 minutes
Estimated end time: 2025-03-18 01:44:54
------------------------------------------------- 
------------------- 
End iteration: 790000, simulation time: 1.580000e-01 seconds.
System time: 2025-03-18 01:44:47
Elapsed time: 0 minutes
Number of molecules: 150
Number of complexes: 55
Total reaction matches: 2468008
Avg timestep duration: 3.059095e-05, iterations remaining: 210000, Time left: 0 minutes
Estimated end time: 2025-03-18 01:44:53
------------------------------------------------- 
------------------- 
End iteration: 800000, simulation time: 1.600000e-01 seconds.
System time: 2025-03-18 01:44:47
Elapsed time: 0 minutes
Number of molecules: 150
Number of complexes: 56
Total reaction matches: 2487546
Avg timestep duration: 3.274160e-05, iterations remaining: 200000, Time left: 0 minutes
Estimated end time: 2025-03-18 01:44:54
------------------------------------------------- 
------------------- 
End iteration: 810000, simulation time: 1.620000e-01 seconds.
System time: 2025-03-18 01:44:48
Elapsed time: 0 minutes
Number of molecules: 150
Number of complexes: 55
Total reaction matches: 2503681
Avg timestep duration: 3.016845e-05, iterations remaining: 190000, Time left: 0 minutes
Estimated end time: 2025-03-18 01:44:53
------------------------------------------------- 
------------------- 
End iteration: 820000, simulation time: 1.640000e-01 seconds.
System time: 2025-03-18 01:44:48
Elapsed time: 0 minutes
Number of molecules: 150
Number of complexes: 55
Total reaction matches: 2516221
Avg timestep duration: 2.952685e-05, iterations remaining: 180000, Time left: 0 minutes
Estimated end time: 2025-03-18 01:44:53
------------------------------------------------- 
------------------- 
End iteration: 830000, simulation time: 1.660000e-01 seconds.
System time: 2025-03-18 01:44:48
Elapsed time: 0 minutes
Number of molecules: 150
Number of complexes: 55
Total reaction matches: 2532889
Avg timestep duration: 2.985680e-05, iterations remaining: 170000, Time left: 0 minutes
Estimated end time: 2025-03-18 01:44:53
------------------------------------------------- 
------------------- 
End iteration: 840000, simulation time: 1.680000e-01 seconds.
System time: 2025-03-18 01:44:48
Elapsed time: 0 minutes
Number of molecules: 150
Number of complexes: 54
Total reaction matches: 2544948
Avg timestep duration: 2.980816e-05, iterations remaining: 160000, Time left: 0 minutes
Estimated end time: 2025-03-18 01:44:53
------------------------------------------------- 
------------------- 
End iteration: 850000, simulation time: 1.700000e-01 seconds.
System time: 2025-03-18 01:44:49
Elapsed time: 0 minutes
Number of molecules: 150
Number of complexes: 54
Total reaction matches: 2555637
Avg timestep duration: 3.093138e-05, iterations remaining: 150000, Time left: 0 minutes
Estimated end time: 2025-03-18 01:44:53
------------------------------------------------- 
------------------- 
End iteration: 860000, simulation time: 1.720000e-01 seconds.
System time: 2025-03-18 01:44:49
Elapsed time: 0 minutes
Number of molecules: 150
Number of complexes: 54
Total reaction matches: 2564817
Avg timestep duration: 2.975056e-05, iterations remaining: 140000, Time left: 0 minutes
Estimated end time: 2025-03-18 01:44:53
------------------------------------------------- 
------------------- 
End iteration: 870000, simulation time: 1.740000e-01 seconds.
System time: 2025-03-18 01:44:49
Elapsed time: 0 minutes
Number of molecules: 150
Number of complexes: 54
Total reaction matches: 2573556
Avg timestep duration: 3.023959e-05, iterations remaining: 130000, Time left: 0 minutes
Estimated end time: 2025-03-18 01:44:53
------------------------------------------------- 
------------------- 
End iteration: 880000, simulation time: 1.760000e-01 seconds.
System time: 2025-03-18 01:44:50
Elapsed time: 0 minutes
Number of molecules: 150
Number of complexes: 54
Total reaction matches: 2586870
Avg timestep duration: 3.083106e-05, iterations remaining: 120000, Time left: 0 minutes
Estimated end time: 2025-03-18 01:44:53
------------------------------------------------- 
------------------- 
End iteration: 890000, simulation time: 1.780000e-01 seconds.
System time: 2025-03-18 01:44:50
Elapsed time: 0 minutes
Number of molecules: 150
Number of complexes: 54
Total reaction matches: 2597172
Avg timestep duration: 3.117409e-05, iterations remaining: 110000, Time left: 0 minutes
Estimated end time: 2025-03-18 01:44:53
------------------------------------------------- 
------------------- 
End iteration: 900000, simulation time: 1.800000e-01 seconds.
System time: 2025-03-18 01:44:50
Elapsed time: 0 minutes
Number of molecules: 150
Number of complexes: 54
Total reaction matches: 2605083
Avg timestep duration: 3.200216e-05, iterations remaining: 100000, Time left: 0 minutes
Estimated end time: 2025-03-18 01:44:53
------------------------------------------------- 
------------------- 
End iteration: 910000, simulation time: 1.820000e-01 seconds.
System time: 2025-03-18 01:44:51
Elapsed time: 0 minutes
Number of molecules: 150
Number of complexes: 54
Total reaction matches: 2617438
Avg timestep duration: 2.999934e-05, iterations remaining: 90000, Time left: 0 minutes
Estimated end time: 2025-03-18 01:44:53
------------------------------------------------- 
------------------- 
End iteration: 920000, simulation time: 1.840000e-01 seconds.
System time: 2025-03-18 01:44:51
Elapsed time: 0 minutes
Number of molecules: 150
Number of complexes: 54
Total reaction matches: 2627971
Avg timestep duration: 2.987752e-05, iterations remaining: 80000, Time left: 0 minutes
Estimated end time: 2025-03-18 01:44:53
------------------------------------------------- 
------------------- 
End iteration: 930000, simulation time: 1.860000e-01 seconds.
System time: 2025-03-18 01:44:51
Elapsed time: 0 minutes
Number of molecules: 150
Number of complexes: 54
Total reaction matches: 2636569
Avg timestep duration: 3.006862e-05, iterations remaining: 70000, Time left: 0 minutes
Estimated end time: 2025-03-18 01:44:53
------------------------------------------------- 
------------------- 
End iteration: 940000, simulation time: 1.880000e-01 seconds.
System time: 2025-03-18 01:44:51
Elapsed time: 0 minutes
Number of molecules: 150
Number of complexes: 54
Total reaction matches: 2646734
Avg timestep duration: 3.028988e-05, iterations remaining: 60000, Time left: 0 minutes
Estimated end time: 2025-03-18 01:44:53
------------------------------------------------- 
------------------- 
End iteration: 950000, simulation time: 1.900000e-01 seconds.
System time: 2025-03-18 01:44:52
Elapsed time: 0 minutes
Number of molecules: 150
Number of complexes: 54
Total reaction matches: 2659161
Avg timestep duration: 3.087634e-05, iterations remaining: 50000, Time left: 0 minutes
Estimated end time: 2025-03-18 01:44:53
------------------------------------------------- 
------------------- 
End iteration: 960000, simulation time: 1.920000e-01 seconds.
System time: 2025-03-18 01:44:52
Elapsed time: 0 minutes
Number of molecules: 150
Number of complexes: 54
Total reaction matches: 2667819
Avg timestep duration: 3.026937e-05, iterations remaining: 40000, Time left: 0 minutes
Estimated end time: 2025-03-18 01:44:53
------------------------------------------------- 
------------------- 
End iteration: 970000, simulation time: 1.940000e-01 seconds.
System time: 2025-03-18 01:44:52
Elapsed time: 0 minutes
Number of molecules: 150
Number of complexes: 54
Total reaction matches: 2679094
Avg timestep duration: 3.048851e-05, iterations remaining: 30000, Time left: 0 minutes
Estimated end time: 2025-03-18 01:44:53
------------------------------------------------- 
------------------- 
End iteration: 980000, simulation time: 1.960000e-01 seconds.
System time: 2025-03-18 01:44:53
Elapsed time: 0 minutes
Number of molecules: 150
Number of complexes: 54
Total reaction matches: 2687769
Avg timestep duration: 3.112119e-05, iterations remaining: 20000, Time left: 0 minutes
Estimated end time: 2025-03-18 01:44:53
------------------------------------------------- 
------------------- 
End iteration: 990000, simulation time: 1.980000e-01 seconds.
System time: 2025-03-18 01:44:53
Elapsed time: 0 minutes
Number of molecules: 150
Number of complexes: 54
Total reaction matches: 2697198
Avg timestep duration: 2.926735e-05, iterations remaining: 10000, Time left: 0 minutes
Estimated end time: 2025-03-18 01:44:53
------------------------------------------------- 
------------------------------------------------- 
End simulation
End date: 2025-03-18 01:44:53
	Wall Time: 2.977201e+01 seconds
