Command: ./nerdss -f parms.inp
Start date: 2025-03-18 01:43:18
RNG Seed: 250308872

Parsing Input: 
This is a new simulation with input file: parms.inp
Parsing simulation parameters...
Read in nItr: 1000000 timeSteps
Read in timeStep: 0.2 us
Read in timeWrite: 10000 timeSteps
Read in trajWrite: 10000 timeSteps
Read in pdbWrite: 10000 timeSteps
Read in restartWrite: 100000 timeSteps
Read in checkPoint: 100000 timeSteps
Read in transitionWrite: 100000 timeSteps
Read in clusterOverlapCheck: false
Read in scaleMaxDisplace: 100
Read in overlapSepLimit: 0.1 nm
Parsing simulation boundary conditions...
Read in waterBox: [200 nm, 200 nm, 200 nm]
Read in hasCompartment: false
Read in compartmentR: 0 nm
Read in compartmentSiteD: 0 nm^2/us
Read in compartmentSiteRho: 0 nm^-2
Parsing mol file information...
C.mol
Read in isLipid: false
Read in isImplicitLipid: false
Read in checkOverlap: true
Read in countTransition: false
Read in mass: 1
Read in D: [10um^2s^-1, 10um^2s^-1, 10um^2s^-1]
Read in Dr: [0.1rad^2s^-1, 0.1rad^2s^-1, 0.1rad^2s^-1]
Coordinates: 
COM: [0nm, 0nm, 0nm]
A1: [-0.069705nm, 0.597908nm, 2.12499nm]
B1: [-0.607224nm, 0.835791nm, 1.69403nm]
Bonds: 
Invalid atom in C mol file. Ignoring bonds...
radius calculated from the ifacesCoord: 2.20861 nm

A.mol
Read in isLipid: false
Read in isImplicitLipid: false
Read in checkOverlap: true
Read in countTransition: false
Read in mass: 1
Read in D: [10um^2s^-1, 10um^2s^-1, 10um^2s^-1]
Read in Dr: [0.1rad^2s^-1, 0.1rad^2s^-1, 0.1rad^2s^-1]
Coordinates: 
COM: [0nm, 0nm, 0nm]
C1: [0.550128nm, -0.013652nm, -1.18564nm]
B1: [-0.806372nm, 0.427132nm, -0.479626nm]
Bonds: 
Invalid atom in A mol file. Ignoring bonds...
radius calculated from the ifacesCoord: 1.30712 nm

B.mol
Read in isLipid: false
Read in isImplicitLipid: false
Read in checkOverlap: true
Read in countTransition: false
Read in mass: 1
Read in D: [10um^2s^-1, 10um^2s^-1, 10um^2s^-1]
Read in Dr: [0.1rad^2s^-1, 0.1rad^2s^-1, 0.1rad^2s^-1]
Coordinates: 
COM: [0nm, 0nm, 0nm]
C1: [0.980186nm, 0.123904nm, -1.03693nm]
A1: [0.532613nm, -0.286597nm, 0.022003nm]
Bonds: 
Invalid atom in B mol file. Ignoring bonds...
radius calculated from the ifacesCoord: 1.43225 nm

Parsing reactions...
Parsing new reaction with form:
	C(A1) + A(C1) <-> C(A1!1).A(C1!1)
Reversible reaction.
Bimolecular reaction detected.
Parsing reactants...
Parsing products...
Read in value of onRate3Dka: 1000nm^3us^-1
Read in value of offRatekb: 10s^-1
Read in value of sigma: 0.932236nm
Read in value of norm1: [0i + 0j + 1k]
Read in value of norm2: [0i + 0j + 1k]
Read in value of assocAngles: [theta1: 1.71472, theta2: 1.77148, phi1: -2.87232, phi2: 1.01633, omega: -2.66167]
Read in value of length3Dto2D: 2nm
Read in value of bindRadSameCom: 1.5
Read in value of loopCoopFactor: 1
Finished reading reaction parameters, constructing reaction.
Checking for valid states for reactant C
Checking for valid states for reactant A
Found corresponding interfaces: React: C(A1) -- Prod: C(A1)
Found corresponding interfaces: React: A(C1) -- Prod: A(C1)
Parameter set complete for reaction [C(A1)+A(C1)<->C(A1!1).A(C1!1)].

Parsing new reaction with form:
	C(B1) + B(C1) <-> C(B1!1).B(C1!1)
Reversible reaction.
Bimolecular reaction detected.
Parsing reactants...
Parsing products...
Read in value of onRate3Dka: 1000nm^3us^-1
Read in value of offRatekb: 10s^-1
Read in value of sigma: 0.717735nm
Read in value of norm1: [0i + 0j + 1k]
Read in value of norm2: [0i + 0j + 1k]
Read in value of assocAngles: [theta1: 2.74499, theta2: 2.5696, phi1: 0.642691, phi2: -1.52324, omega: 1.64526]
Read in value of length3Dto2D: 2nm
Read in value of bindRadSameCom: 1.5
Read in value of loopCoopFactor: 1
Finished reading reaction parameters, constructing reaction.
Checking for valid states for reactant C
Checking for valid states for reactant B
Found corresponding interfaces: React: C(B1) -- Prod: C(B1)
Found corresponding interfaces: React: B(C1) -- Prod: B(C1)
Parameter set complete for reaction [C(B1)+B(C1)<->C(B1!1).B(C1!1)].

Parsing new reaction with form:
	A(B1) + B(A1) <-> A(B1!1).B(A1!1)
Reversible reaction.
Bimolecular reaction detected.
Parsing reactants...
Parsing products...
Read in value of onRate3Dka: 1000nm^3us^-1
Read in value of offRatekb: 10s^-1
Read in value of sigma: 0.655132nm
Read in value of norm1: [0i + 0j + 1k]
Read in value of norm2: [0i + 0j + 1k]
Read in value of assocAngles: [theta1: 2.5255, theta2: 2.75007, phi1: -2.40991, phi2: -1.48028, omega: -2.30112]
Read in value of length3Dto2D: 2nm
Read in value of bindRadSameCom: 1.5
Read in value of loopCoopFactor: 1
Checking for valid states for reactant A
Checking for valid states for reactant B
Found corresponding interfaces: React: A(B1) -- Prod: A(B1)
Found corresponding interfaces: React: B(A1) -- Prod: B(A1)
Parameter set complete for reaction [A(B1)+B(A1)<->A(B1!1).B(A1!1)].


Input file parsing complete
NUMBER OF MOLECULE TYPES: 3NUMBER OF INTERFACES PLUS STATES, including PRODUCTS: 9
NUMBER OF MOLECULES IN GEN COORDS: 150

Finding and fixing overlapping proteins.
Iteration: 1
Overlapping Proteins (false): 0
No overlapping proteins found.

coordinate file: 

Partitioning simulation box into sub-boxes...
Rmaxlimit: 19.3043
Simulation volume parameters:
Total sub-volumes: 1000
	Dimensions: [10, 10, 10]
	Maximum sub-volume neighbors: 13
	Sub-volume size: [20, 20, 20]
 Total species calculated from init_speciesFile.cpp: 9
Initialized copyNumSpecies. Printing all values. total species: 9
 absolute index: 0 Copy nums: 50
 absolute index: 1 Copy nums: 50
 absolute index: 2 Copy nums: 50
 absolute index: 3 Copy nums: 50
 absolute index: 4 Copy nums: 50
 absolute index: 5 Copy nums: 50
 absolute index: 6 Copy nums: 0
 absolute index: 7 Copy nums: 0
 absolute index: 8 Copy nums: 0
Pro pair:  p1: 0 p2: 1 index: 1 C,A'	Pro pair:  p1: 0 p2: 2 index: 2 C,B'	Pro pair:  p1: 1 p2: 2 index: 5 A,B'	size of proPairlist: 3 Number of pairs: 9 numMolTypes: 3

Simulation Parameters
Number of iterations: 1000000 timesteps
Timestep: 0.2 us
Timestep log interval (timeWrite): 10000 timesteps
Restart file write interval: 100000 timesteps
Coordinate write interval (trajWrite): 10000 timesteps
PDB Coordinate write interval: 10000 timesteps
Checkpoint write interval: 100000 timesteps
overlapSepLimit: 0.1 nm
Transition matrix write interval: 100000 timesteps
ClusterOverlapCheck: false
Molecule specific parameters:
Number of unique molecule types: 3
Total number of unique interfaces and states, including product states: 9
Total number of complexes in system at start: 150
Total number of units (molecules + interfaces) in system at start: 450
Maximum allowed number of unique 2D reactions: 10000
 isSphere? false
 sphere Radius 0
 hasCompartment? true
 compartment Radius 0
 BOX geometry, dimensions: 
200 200 200
 hasImplicitLipid? false

Molecule Information
Molecule template 0
Name: C
Copy number:50
 Diffusion trans: 10 10 10
 Diffusion Rot: 0.1 0.1 0.1
Is a promoter: false
Is a rod: false
Is a point: false
Radius: 2.20861

Interfaces:
Name: A1
Relative index: 0
Absolute index: 0
Forward Reactions:  (0)

Name: B1
Relative index: 1
Absolute index: 1
Forward Reactions:  (1)

Molecule template 1
Name: A
Copy number:50
 Diffusion trans: 10 10 10
 Diffusion Rot: 0.1 0.1 0.1
Is a promoter: false
Is a rod: false
Is a point: false
Radius: 1.30712

Interfaces:
Name: C1
Relative index: 0
Absolute index: 2
Forward Reactions:  (0)

Name: B1
Relative index: 1
Absolute index: 3
Forward Reactions:  (2)

Molecule template 2
Name: B
Copy number:50
 Diffusion trans: 10 10 10
 Diffusion Rot: 0.1 0.1 0.1
Is a promoter: false
Is a rod: false
Is a point: false
Radius: 1.43225

Interfaces:
Name: C1
Relative index: 0
Absolute index: 4
Forward Reactions:  (1)

Name: A1
Relative index: 1
Absolute index: 5
Forward Reactions:  (2)


Reactions
Forward Rxn: 0
Absolute index: 0
Type: Bimolecular association
Reactants:
 [iface name: A1, iface index: 0, required Free]
 [iface name: C1, iface index: 2, required Free]

Products:
 [iface name: A1, iface index: 6, requires interaction]
 [iface name: C1, iface index: 6, requires interaction]

Rate(s):
Rate 0: 1000
Reactant 1 requires interfaces:
Reactant 2 requires interfaces:
Sigma: 0.932236
Association angles:
Theta 1   1.71472
Theta 2   1.77148
Phi 1     -2.87232
Phi 2     1.01633
Omega     -2.66167

label: nonspecified
Is On Membrane: false
bindRadSameCom 1.5
loopCoopFactor 1
length3Dto2D 2
area3Dto1D -1
isCoupled? false

Back Rxn: 0
Absolute index: 1
Type: Bimolecular association
Reactants:
 [iface name: A1, iface index: 6, requires interaction]
 [iface name: C1, iface index: 6, requires interaction]

Products:
 [iface name: A1, iface index: 0, required Free]
 [iface name: C1, iface index: 2, required Free]


Rate(s):
Rate 0: 10
Reactant 1 requires interfaces:
Reactant 2 requires interfaces:
On Membrane? false
Forward Rxn: 1
Absolute index: 2
Type: Bimolecular association
Reactants:
 [iface name: B1, iface index: 1, required Free]
 [iface name: C1, iface index: 4, required Free]

Products:
 [iface name: B1, iface index: 7, requires interaction]
 [iface name: C1, iface index: 7, requires interaction]

Rate(s):
Rate 0: 1000
Reactant 1 requires interfaces:
Reactant 2 requires interfaces:
Sigma: 0.717735
Association angles:
Theta 1   2.74499
Theta 2    2.5696
Phi 1     0.642691
Phi 2     -1.52324
Omega     1.64526

label: nonspecified
Is On Membrane: false
bindRadSameCom 1.5
loopCoopFactor 1
length3Dto2D 2
area3Dto1D -1
isCoupled? false

Back Rxn: 1
Absolute index: 3
Type: Bimolecular association
Reactants:
 [iface name: B1, iface index: 7, requires interaction]
 [iface name: C1, iface index: 7, requires interaction]

Products:
 [iface name: B1, iface index: 1, required Free]
 [iface name: C1, iface index: 4, required Free]


Rate(s):
Rate 0: 10
Reactant 1 requires interfaces:
Reactant 2 requires interfaces:
On Membrane? false
Forward Rxn: 2
Absolute index: 4
Type: Bimolecular association
Reactants:
 [iface name: B1, iface index: 3, required Free]
 [iface name: A1, iface index: 5, required Free]

Products:
 [iface name: B1, iface index: 8, requires interaction]
 [iface name: A1, iface index: 8, requires interaction]

Rate(s):
Rate 0: 1000
Reactant 1 requires interfaces:
Reactant 2 requires interfaces:
Sigma: 0.655132
Association angles:
Theta 1    2.5255
Theta 2   2.75007
Phi 1     -2.40991
Phi 2     -1.48028
Omega     -2.30112

label: nonspecified
Is On Membrane: false
bindRadSameCom 1.5
loopCoopFactor 1
length3Dto2D 2
area3Dto1D -1
isCoupled? false

Back Rxn: 2
Absolute index: 5
Type: Bimolecular association
Reactants:
 [iface name: B1, iface index: 8, requires interaction]
 [iface name: A1, iface index: 8, requires interaction]

Products:
 [iface name: B1, iface index: 3, required Free]
 [iface name: A1, iface index: 5, required Free]


Rate(s):
Rate 0: 10
Reactant 1 requires interfaces:
Reactant 2 requires interfaces:
On Membrane? false
*************** BEGIN SIMULATION **************** 
------------------- 
End iteration: 10000, simulation time: 2.000000e-03 seconds.
System time: 2025-03-18 01:43:18
Elapsed time: 0 minutes
Number of molecules: 150
Number of complexes: 78
Total reaction matches: 643057
Avg timestep duration: 4.166924e-05, iterations remaining: 990000, Time left: 0 minutes
Estimated end time: 2025-03-18 01:44:00
------------------------------------------------- 
------------------- 
End iteration: 20000, simulation time: 4.000000e-03 seconds.
System time: 2025-03-18 01:43:19
Elapsed time: 0 minutes
Number of molecules: 150
Number of complexes: 66
Total reaction matches: 804218
Avg timestep duration: 3.786985e-05, iterations remaining: 980000, Time left: 0 minutes
Estimated end time: 2025-03-18 01:43:56
------------------------------------------------- 
------------------- 
End iteration: 30000, simulation time: 6.000000e-03 seconds.
System time: 2025-03-18 01:43:19
Elapsed time: 0 minutes
Number of molecules: 150
Number of complexes: 61
Total reaction matches: 888691
Avg timestep duration: 3.650438e-05, iterations remaining: 970000, Time left: 0 minutes
Estimated end time: 2025-03-18 01:43:55
------------------------------------------------- 
------------------- 
End iteration: 40000, simulation time: 8.000000e-03 seconds.
System time: 2025-03-18 01:43:19
Elapsed time: 0 minutes
Number of molecules: 150
Number of complexes: 62
Total reaction matches: 953967
Avg timestep duration: 3.592058e-05, iterations remaining: 960000, Time left: 0 minutes
Estimated end time: 2025-03-18 01:43:54
------------------------------------------------- 
------------------- 
End iteration: 50000, simulation time: 1.000000e-02 seconds.
System time: 2025-03-18 01:43:20
Elapsed time: 0 minutes
Number of molecules: 150
Number of complexes: 59
Total reaction matches: 1014265
Avg timestep duration: 3.365018e-05, iterations remaining: 950000, Time left: 0 minutes
Estimated end time: 2025-03-18 01:43:52
------------------------------------------------- 
------------------- 
End iteration: 60000, simulation time: 1.200000e-02 seconds.
System time: 2025-03-18 01:43:20
Elapsed time: 0 minutes
Number of molecules: 150
Number of complexes: 60
Total reaction matches: 1057701
Avg timestep duration: 3.490788e-05, iterations remaining: 940000, Time left: 0 minutes
Estimated end time: 2025-03-18 01:43:53
------------------------------------------------- 
------------------- 
End iteration: 70000, simulation time: 1.400000e-02 seconds.
System time: 2025-03-18 01:43:20
Elapsed time: 0 minutes
Number of molecules: 150
Number of complexes: 58
Total reaction matches: 1105234
Avg timestep duration: 3.205708e-05, iterations remaining: 930000, Time left: 0 minutes
Estimated end time: 2025-03-18 01:43:50
------------------------------------------------- 
------------------- 
End iteration: 80000, simulation time: 1.600000e-02 seconds.
System time: 2025-03-18 01:43:21
Elapsed time: 0 minutes
Number of molecules: 150
Number of complexes: 57
Total reaction matches: 1139172
Avg timestep duration: 3.168079e-05, iterations remaining: 920000, Time left: 0 minutes
Estimated end time: 2025-03-18 01:43:50
------------------------------------------------- 
------------------- 
End iteration: 90000, simulation time: 1.800000e-02 seconds.
System time: 2025-03-18 01:43:21
Elapsed time: 0 minutes
Number of molecules: 150
Number of complexes: 57
Total reaction matches: 1162281
Avg timestep duration: 3.168047e-05, iterations remaining: 910000, Time left: 0 minutes
Estimated end time: 2025-03-18 01:43:50
------------------------------------------------- 
------------------- 
End iteration: 100000, simulation time: 2.000000e-02 seconds.
System time: 2025-03-18 01:43:21
Elapsed time: 0 minutes
Number of molecules: 150
Number of complexes: 56
Total reaction matches: 1193397
Avg timestep duration: 3.234743e-05, iterations remaining: 900000, Time left: 0 minutes
Estimated end time: 2025-03-18 01:43:51
------------------------------------------------- 
------------------- 
End iteration: 110000, simulation time: 2.200000e-02 seconds.
System time: 2025-03-18 01:43:22
Elapsed time: 0 minutes
Number of molecules: 150
Number of complexes: 56
Total reaction matches: 1212840
Avg timestep duration: 3.141066e-05, iterations remaining: 890000, Time left: 0 minutes
Estimated end time: 2025-03-18 01:43:50
------------------------------------------------- 
------------------- 
End iteration: 120000, simulation time: 2.400000e-02 seconds.
System time: 2025-03-18 01:43:22
Elapsed time: 0 minutes
Number of molecules: 150
Number of complexes: 56
Total reaction matches: 1235022
Avg timestep duration: 3.036268e-05, iterations remaining: 880000, Time left: 0 minutes
Estimated end time: 2025-03-18 01:43:49
------------------------------------------------- 
------------------- 
End iteration: 130000, simulation time: 2.600000e-02 seconds.
System time: 2025-03-18 01:43:22
Elapsed time: 0 minutes
Number of molecules: 150
Number of complexes: 56
Total reaction matches: 1253455
Avg timestep duration: 3.118826e-05, iterations remaining: 870000, Time left: 0 minutes
Estimated end time: 2025-03-18 01:43:49
------------------------------------------------- 
------------------- 
End iteration: 140000, simulation time: 2.800000e-02 seconds.
System time: 2025-03-18 01:43:23
Elapsed time: 0 minutes
Number of molecules: 150
Number of complexes: 56
Total reaction matches: 1276495
Avg timestep duration: 3.208664e-05, iterations remaining: 860000, Time left: 0 minutes
Estimated end time: 2025-03-18 01:43:50
------------------------------------------------- 
------------------- 
End iteration: 150000, simulation time: 3.000000e-02 seconds.
System time: 2025-03-18 01:43:23
Elapsed time: 0 minutes
Number of molecules: 150
Number of complexes: 56
Total reaction matches: 1294169
Avg timestep duration: 3.108497e-05, iterations remaining: 850000, Time left: 0 minutes
Estimated end time: 2025-03-18 01:43:49
------------------------------------------------- 
------------------- 
End iteration: 160000, simulation time: 3.200000e-02 seconds.
System time: 2025-03-18 01:43:23
Elapsed time: 0 minutes
Number of molecules: 150
Number of complexes: 56
Total reaction matches: 1308893
Avg timestep duration: 3.139029e-05, iterations remaining: 840000, Time left: 0 minutes
Estimated end time: 2025-03-18 01:43:50
------------------------------------------------- 
------------------- 
End iteration: 170000, simulation time: 3.400000e-02 seconds.
System time: 2025-03-18 01:43:23
Elapsed time: 0 minutes
Number of molecules: 150
Number of complexes: 56
Total reaction matches: 1327228
Avg timestep duration: 3.078055e-05, iterations remaining: 830000, Time left: 0 minutes
Estimated end time: 2025-03-18 01:43:49
------------------------------------------------- 
------------------- 
End iteration: 180000, simulation time: 3.600000e-02 seconds.
System time: 2025-03-18 01:43:24
Elapsed time: 0 minutes
Number of molecules: 150
Number of complexes: 56
Total reaction matches: 1346097
Avg timestep duration: 3.050435e-05, iterations remaining: 820000, Time left: 0 minutes
Estimated end time: 2025-03-18 01:43:49
------------------------------------------------- 
------------------- 
End iteration: 190000, simulation time: 3.800000e-02 seconds.
System time: 2025-03-18 01:43:24
Elapsed time: 0 minutes
Number of molecules: 150
Number of complexes: 56
Total reaction matches: 1363179
Avg timestep duration: 3.227838e-05, iterations remaining: 810000, Time left: 0 minutes
Estimated end time: 2025-03-18 01:43:50
------------------------------------------------- 
------------------- 
End iteration: 200000, simulation time: 4.000000e-02 seconds.
System time: 2025-03-18 01:43:24
Elapsed time: 0 minutes
Number of molecules: 150
Number of complexes: 56
Total reaction matches: 1383317
Avg timestep duration: 3.231867e-05, iterations remaining: 800000, Time left: 0 minutes
Estimated end time: 2025-03-18 01:43:50
------------------------------------------------- 
------------------- 
End iteration: 210000, simulation time: 4.200000e-02 seconds.
System time: 2025-03-18 01:43:25
Elapsed time: 0 minutes
Number of molecules: 150
Number of complexes: 56
Total reaction matches: 1402036
Avg timestep duration: 3.101026e-05, iterations remaining: 790000, Time left: 0 minutes
Estimated end time: 2025-03-18 01:43:49
------------------------------------------------- 
------------------- 
End iteration: 220000, simulation time: 4.400000e-02 seconds.
System time: 2025-03-18 01:43:25
Elapsed time: 0 minutes
Number of molecules: 150
Number of complexes: 55
Total reaction matches: 1416306
Avg timestep duration: 3.087435e-05, iterations remaining: 780000, Time left: 0 minutes
Estimated end time: 2025-03-18 01:43:49
------------------------------------------------- 
------------------- 
End iteration: 230000, simulation time: 4.600000e-02 seconds.
System time: 2025-03-18 01:43:25
Elapsed time: 0 minutes
Number of molecules: 150
Number of complexes: 55
Total reaction matches: 1436908
Avg timestep duration: 3.118488e-05, iterations remaining: 770000, Time left: 0 minutes
Estimated end time: 2025-03-18 01:43:49
------------------------------------------------- 
------------------- 
End iteration: 240000, simulation time: 4.800000e-02 seconds.
System time: 2025-03-18 01:43:26
Elapsed time: 0 minutes
Number of molecules: 150
Number of complexes: 55
Total reaction matches: 1449849
Avg timestep duration: 3.192498e-05, iterations remaining: 760000, Time left: 0 minutes
Estimated end time: 2025-03-18 01:43:50
------------------------------------------------- 
------------------- 
End iteration: 250000, simulation time: 5.000000e-02 seconds.
System time: 2025-03-18 01:43:26
Elapsed time: 0 minutes
Number of molecules: 150
Number of complexes: 55
Total reaction matches: 1461616
Avg timestep duration: 3.034836e-05, iterations remaining: 750000, Time left: 0 minutes
Estimated end time: 2025-03-18 01:43:49
------------------------------------------------- 
------------------- 
End iteration: 260000, simulation time: 5.200000e-02 seconds.
System time: 2025-03-18 01:43:26
Elapsed time: 0 minutes
Number of molecules: 150
Number of complexes: 55
Total reaction matches: 1475268
Avg timestep duration: 2.985385e-05, iterations remaining: 740000, Time left: 0 minutes
Estimated end time: 2025-03-18 01:43:48
------------------------------------------------- 
------------------- 
End iteration: 270000, simulation time: 5.400000e-02 seconds.
System time: 2025-03-18 01:43:26
Elapsed time: 0 minutes
Number of molecules: 150
Number of complexes: 55
Total reaction matches: 1492550
Avg timestep duration: 3.249494e-05, iterations remaining: 730000, Time left: 0 minutes
Estimated end time: 2025-03-18 01:43:50
------------------------------------------------- 
------------------- 
End iteration: 280000, simulation time: 5.600000e-02 seconds.
System time: 2025-03-18 01:43:27
Elapsed time: 0 minutes
Number of molecules: 150
Number of complexes: 55
Total reaction matches: 1516807
Avg timestep duration: 3.056216e-05, iterations remaining: 720000, Time left: 0 minutes
Estimated end time: 2025-03-18 01:43:49
------------------------------------------------- 
------------------- 
End iteration: 290000, simulation time: 5.800000e-02 seconds.
System time: 2025-03-18 01:43:27
Elapsed time: 0 minutes
Number of molecules: 150
Number of complexes: 55
Total reaction matches: 1537602
Avg timestep duration: 3.209733e-05, iterations remaining: 710000, Time left: 0 minutes
Estimated end time: 2025-03-18 01:43:50
------------------------------------------------- 
------------------- 
End iteration: 300000, simulation time: 6.000000e-02 seconds.
System time: 2025-03-18 01:43:27
Elapsed time: 0 minutes
Number of molecules: 150
Number of complexes: 55
Total reaction matches: 1554329
Avg timestep duration: 3.222903e-05, iterations remaining: 700000, Time left: 0 minutes
Estimated end time: 2025-03-18 01:43:50
------------------------------------------------- 
------------------- 
End iteration: 310000, simulation time: 6.200000e-02 seconds.
System time: 2025-03-18 01:43:28
Elapsed time: 0 minutes
Number of molecules: 150
Number of complexes: 55
Total reaction matches: 1567545
Avg timestep duration: 2.925432e-05, iterations remaining: 690000, Time left: 0 minutes
Estimated end time: 2025-03-18 01:43:48
------------------------------------------------- 
------------------- 
End iteration: 320000, simulation time: 6.400000e-02 seconds.
System time: 2025-03-18 01:43:28
Elapsed time: 0 minutes
Number of molecules: 150
Number of complexes: 55
Total reaction matches: 1582261
Avg timestep duration: 3.249754e-05, iterations remaining: 680000, Time left: 0 minutes
Estimated end time: 2025-03-18 01:43:50
------------------------------------------------- 
------------------- 
End iteration: 330000, simulation time: 6.600000e-02 seconds.
System time: 2025-03-18 01:43:28
Elapsed time: 0 minutes
Number of molecules: 150
Number of complexes: 56
Total reaction matches: 1598221
Avg timestep duration: 3.040372e-05, iterations remaining: 670000, Time left: 0 minutes
Estimated end time: 2025-03-18 01:43:49
------------------------------------------------- 
------------------- 
End iteration: 340000, simulation time: 6.800000e-02 seconds.
System time: 2025-03-18 01:43:28
Elapsed time: 0 minutes
Number of molecules: 150
Number of complexes: 56
Total reaction matches: 1614500
Avg timestep duration: 3.039862e-05, iterations remaining: 660000, Time left: 0 minutes
Estimated end time: 2025-03-18 01:43:49
------------------------------------------------- 
------------------- 
End iteration: 350000, simulation time: 7.000000e-02 seconds.
System time: 2025-03-18 01:43:29
Elapsed time: 0 minutes
Number of molecules: 150
Number of complexes: 55
Total reaction matches: 1634066
Avg timestep duration: 2.956157e-05, iterations remaining: 650000, Time left: 0 minutes
Estimated end time: 2025-03-18 01:43:48
------------------------------------------------- 
------------------- 
End iteration: 360000, simulation time: 7.200000e-02 seconds.
System time: 2025-03-18 01:43:29
Elapsed time: 0 minutes
Number of molecules: 150
Number of complexes: 55
Total reaction matches: 1650596
Avg timestep duration: 2.953358e-05, iterations remaining: 640000, Time left: 0 minutes
Estimated end time: 2025-03-18 01:43:48
------------------------------------------------- 
------------------- 
End iteration: 370000, simulation time: 7.400000e-02 seconds.
System time: 2025-03-18 01:43:29
Elapsed time: 0 minutes
Number of molecules: 150
Number of complexes: 55
Total reaction matches: 1665141
Avg timestep duration: 3.012756e-05, iterations remaining: 630000, Time left: 0 minutes
Estimated end time: 2025-03-18 01:43:48
------------------------------------------------- 
------------------- 
End iteration: 380000, simulation time: 7.600000e-02 seconds.
System time: 2025-03-18 01:43:30
Elapsed time: 0 minutes
Number of molecules: 150
Number of complexes: 54
Total reaction matches: 1677764
Avg timestep duration: 2.896529e-05, iterations remaining: 620000, Time left: 0 minutes
Estimated end time: 2025-03-18 01:43:48
------------------------------------------------- 
------------------- 
End iteration: 390000, simulation time: 7.800000e-02 seconds.
System time: 2025-03-18 01:43:30
Elapsed time: 0 minutes
Number of molecules: 150
Number of complexes: 54
Total reaction matches: 1683501
Avg timestep duration: 2.923199e-05, iterations remaining: 610000, Time left: 0 minutes
Estimated end time: 2025-03-18 01:43:48
------------------------------------------------- 
------------------- 
End iteration: 400000, simulation time: 8.000000e-02 seconds.
System time: 2025-03-18 01:43:30
Elapsed time: 0 minutes
Number of molecules: 150
Number of complexes: 54
Total reaction matches: 1694822
Avg timestep duration: 3.265382e-05, iterations remaining: 600000, Time left: 0 minutes
Estimated end time: 2025-03-18 01:43:50
------------------------------------------------- 
------------------- 
End iteration: 410000, simulation time: 8.200000e-02 seconds.
System time: 2025-03-18 01:43:31
Elapsed time: 0 minutes
Number of molecules: 150
Number of complexes: 54
Total reaction matches: 1707038
Avg timestep duration: 2.917269e-05, iterations remaining: 590000, Time left: 0 minutes
Estimated end time: 2025-03-18 01:43:48
------------------------------------------------- 
------------------- 
End iteration: 420000, simulation time: 8.400000e-02 seconds.
System time: 2025-03-18 01:43:31
Elapsed time: 0 minutes
Number of molecules: 150
Number of complexes: 54
Total reaction matches: 1715898
Avg timestep duration: 2.976168e-05, iterations remaining: 580000, Time left: 0 minutes
Estimated end time: 2025-03-18 01:43:48
------------------------------------------------- 
------------------- 
End iteration: 430000, simulation time: 8.600000e-02 seconds.
System time: 2025-03-18 01:43:31
Elapsed time: 0 minutes
Number of molecules: 150
Number of complexes: 54
Total reaction matches: 1726215
Avg timestep duration: 2.926038e-05, iterations remaining: 570000, Time left: 0 minutes
Estimated end time: 2025-03-18 01:43:48
------------------------------------------------- 
------------------- 
End iteration: 440000, simulation time: 8.800000e-02 seconds.
System time: 2025-03-18 01:43:31
Elapsed time: 0 minutes
Number of molecules: 150
Number of complexes: 54
Total reaction matches: 1737418
Avg timestep duration: 2.908980e-05, iterations remaining: 560000, Time left: 0 minutes
Estimated end time: 2025-03-18 01:43:48
------------------------------------------------- 
------------------- 
End iteration: 450000, simulation time: 9.000000e-02 seconds.
System time: 2025-03-18 01:43:32
Elapsed time: 0 minutes
Number of molecules: 150
Number of complexes: 54
Total reaction matches: 1745410
Avg timestep duration: 2.978029e-05, iterations remaining: 550000, Time left: 0 minutes
Estimated end time: 2025-03-18 01:43:48
------------------------------------------------- 
------------------- 
End iteration: 460000, simulation time: 9.200000e-02 seconds.
System time: 2025-03-18 01:43:32
Elapsed time: 0 minutes
Number of molecules: 150
Number of complexes: 54
Total reaction matches: 1758540
Avg timestep duration: 2.974881e-05, iterations remaining: 540000, Time left: 0 minutes
Estimated end time: 2025-03-18 01:43:48
------------------------------------------------- 
------------------- 
End iteration: 470000, simulation time: 9.400000e-02 seconds.
System time: 2025-03-18 01:43:32
Elapsed time: 0 minutes
Number of molecules: 150
Number of complexes: 54
Total reaction matches: 1771606
Avg timestep duration: 2.906143e-05, iterations remaining: 530000, Time left: 0 minutes
Estimated end time: 2025-03-18 01:43:48
------------------------------------------------- 
------------------- 
End iteration: 480000, simulation time: 9.600000e-02 seconds.
System time: 2025-03-18 01:43:32
Elapsed time: 0 minutes
Number of molecules: 150
Number of complexes: 55
Total reaction matches: 1778350
Avg timestep duration: 3.143108e-05, iterations remaining: 520000, Time left: 0 minutes
Estimated end time: 2025-03-18 01:43:49
------------------------------------------------- 
------------------- 
End iteration: 490000, simulation time: 9.800000e-02 seconds.
System time: 2025-03-18 01:43:33
Elapsed time: 0 minutes
Number of molecules: 150
Number of complexes: 55
Total reaction matches: 1789053
Avg timestep duration: 2.957563e-05, iterations remaining: 510000, Time left: 0 minutes
Estimated end time: 2025-03-18 01:43:48
------------------------------------------------- 
------------------- 
End iteration: 500000, simulation time: 1.000000e-01 seconds.
System time: 2025-03-18 01:43:33
Elapsed time: 0 minutes
Number of molecules: 150
Number of complexes: 55
Total reaction matches: 1797807
Avg timestep duration: 3.341992e-05, iterations remaining: 500000, Time left: 0 minutes
Estimated end time: 2025-03-18 01:43:50
------------------------------------------------- 
------------------- 
End iteration: 510000, simulation time: 1.020000e-01 seconds.
System time: 2025-03-18 01:43:33
Elapsed time: 0 minutes
Number of molecules: 150
Number of complexes: 54
Total reaction matches: 1808078
Avg timestep duration: 2.988027e-05, iterations remaining: 490000, Time left: 0 minutes
Estimated end time: 2025-03-18 01:43:48
------------------------------------------------- 
------------------- 
End iteration: 520000, simulation time: 1.040000e-01 seconds.
System time: 2025-03-18 01:43:34
Elapsed time: 0 minutes
Number of molecules: 150
Number of complexes: 53
Total reaction matches: 1814781
Avg timestep duration: 2.910240e-05, iterations remaining: 480000, Time left: 0 minutes
Estimated end time: 2025-03-18 01:43:48
------------------------------------------------- 
------------------- 
End iteration: 530000, simulation time: 1.060000e-01 seconds.
System time: 2025-03-18 01:43:34
Elapsed time: 0 minutes
Number of molecules: 150
Number of complexes: 53
Total reaction matches: 1821147
Avg timestep duration: 2.917424e-05, iterations remaining: 470000, Time left: 0 minutes
Estimated end time: 2025-03-18 01:43:48
------------------------------------------------- 
------------------- 
End iteration: 540000, simulation time: 1.080000e-01 seconds.
System time: 2025-03-18 01:43:34
Elapsed time: 0 minutes
Number of molecules: 150
Number of complexes: 53
Total reaction matches: 1826562
Avg timestep duration: 2.892316e-05, iterations remaining: 460000, Time left: 0 minutes
Estimated end time: 2025-03-18 01:43:48
------------------------------------------------- 
------------------- 
End iteration: 550000, simulation time: 1.100000e-01 seconds.
System time: 2025-03-18 01:43:34
Elapsed time: 0 minutes
Number of molecules: 150
Number of complexes: 53
Total reaction matches: 1834466
Avg timestep duration: 2.893324e-05, iterations remaining: 450000, Time left: 0 minutes
Estimated end time: 2025-03-18 01:43:47
------------------------------------------------- 
------------------- 
End iteration: 560000, simulation time: 1.120000e-01 seconds.
System time: 2025-03-18 01:43:35
Elapsed time: 0 minutes
Number of molecules: 150
Number of complexes: 53
Total reaction matches: 1838486
Avg timestep duration: 2.945397e-05, iterations remaining: 440000, Time left: 0 minutes
Estimated end time: 2025-03-18 01:43:48
------------------------------------------------- 
------------------- 
End iteration: 570000, simulation time: 1.140000e-01 seconds.
System time: 2025-03-18 01:43:35
Elapsed time: 0 minutes
Number of molecules: 150
Number of complexes: 53
Total reaction matches: 1846708
Avg timestep duration: 2.858023e-05, iterations remaining: 430000, Time left: 0 minutes
Estimated end time: 2025-03-18 01:43:47
------------------------------------------------- 
------------------- 
End iteration: 580000, simulation time: 1.160000e-01 seconds.
System time: 2025-03-18 01:43:35
Elapsed time: 0 minutes
Number of molecules: 150
Number of complexes: 53
Total reaction matches: 1853198
Avg timestep duration: 2.850549e-05, iterations remaining: 420000, Time left: 0 minutes
Estimated end time: 2025-03-18 01:43:47
------------------------------------------------- 
------------------- 
End iteration: 590000, simulation time: 1.180000e-01 seconds.
System time: 2025-03-18 01:43:36
Elapsed time: 0 minutes
Number of molecules: 150
Number of complexes: 53
Total reaction matches: 1859289
Avg timestep duration: 2.999413e-05, iterations remaining: 410000, Time left: 0 minutes
Estimated end time: 2025-03-18 01:43:48
------------------------------------------------- 
------------------- 
End iteration: 600000, simulation time: 1.200000e-01 seconds.
System time: 2025-03-18 01:43:36
Elapsed time: 0 minutes
Number of molecules: 150
Number of complexes: 53
Total reaction matches: 1865812
Avg timestep duration: 3.018731e-05, iterations remaining: 400000, Time left: 0 minutes
Estimated end time: 2025-03-18 01:43:48
------------------------------------------------- 
------------------- 
End iteration: 610000, simulation time: 1.220000e-01 seconds.
System time: 2025-03-18 01:43:36
Elapsed time: 0 minutes
Number of molecules: 150
Number of complexes: 53
Total reaction matches: 1868793
Avg timestep duration: 2.831819e-05, iterations remaining: 390000, Time left: 0 minutes
Estimated end time: 2025-03-18 01:43:47
------------------------------------------------- 
------------------- 
End iteration: 620000, simulation time: 1.240000e-01 seconds.
System time: 2025-03-18 01:43:36
Elapsed time: 0 minutes
Number of molecules: 150
Number of complexes: 53
Total reaction matches: 1872780
Avg timestep duration: 3.040931e-05, iterations remaining: 380000, Time left: 0 minutes
Estimated end time: 2025-03-18 01:43:48
------------------------------------------------- 
------------------- 
End iteration: 630000, simulation time: 1.260000e-01 seconds.
System time: 2025-03-18 01:43:37
Elapsed time: 0 minutes
Number of molecules: 150
Number of complexes: 53
Total reaction matches: 1879803
Avg timestep duration: 2.952302e-05, iterations remaining: 370000, Time left: 0 minutes
Estimated end time: 2025-03-18 01:43:48
------------------------------------------------- 
------------------- 
End iteration: 640000, simulation time: 1.280000e-01 seconds.
System time: 2025-03-18 01:43:37
Elapsed time: 0 minutes
Number of molecules: 150
Number of complexes: 53
Total reaction matches: 1887826
Avg timestep duration: 2.977751e-05, iterations remaining: 360000, Time left: 0 minutes
Estimated end time: 2025-03-18 01:43:48
------------------------------------------------- 
------------------- 
End iteration: 650000, simulation time: 1.300000e-01 seconds.
System time: 2025-03-18 01:43:37
Elapsed time: 0 minutes
Number of molecules: 150
Number of complexes: 53
Total reaction matches: 1893798
Avg timestep duration: 2.909712e-05, iterations remaining: 350000, Time left: 0 minutes
Estimated end time: 2025-03-18 01:43:47
------------------------------------------------- 
------------------- 
End iteration: 660000, simulation time: 1.320000e-01 seconds.
System time: 2025-03-18 01:43:38
Elapsed time: 0 minutes
Number of molecules: 150
Number of complexes: 53
Total reaction matches: 1896648
Avg timestep duration: 2.923358e-05, iterations remaining: 340000, Time left: 0 minutes
Estimated end time: 2025-03-18 01:43:47
------------------------------------------------- 
------------------- 
End iteration: 670000, simulation time: 1.340000e-01 seconds.
System time: 2025-03-18 01:43:38
Elapsed time: 0 minutes
Number of molecules: 150
Number of complexes: 53
Total reaction matches: 1902477
Avg timestep duration: 2.934282e-05, iterations remaining: 330000, Time left: 0 minutes
Estimated end time: 2025-03-18 01:43:48
------------------------------------------------- 
------------------- 
End iteration: 680000, simulation time: 1.360000e-01 seconds.
System time: 2025-03-18 01:43:38
Elapsed time: 0 minutes
Number of molecules: 150
Number of complexes: 53
Total reaction matches: 1910211
Avg timestep duration: 2.972104e-05, iterations remaining: 320000, Time left: 0 minutes
Estimated end time: 2025-03-18 01:43:48
------------------------------------------------- 
------------------- 
End iteration: 690000, simulation time: 1.380000e-01 seconds.
System time: 2025-03-18 01:43:38
Elapsed time: 0 minutes
Number of molecules: 150
Number of complexes: 53
Total reaction matches: 1915310
Avg timestep duration: 2.895761e-05, iterations remaining: 310000, Time left: 0 minutes
Estimated end time: 2025-03-18 01:43:47
------------------------------------------------- 
------------------- 
End iteration: 700000, simulation time: 1.400000e-01 seconds.
System time: 2025-03-18 01:43:39
Elapsed time: 0 minutes
Number of molecules: 150
Number of complexes: 53
Total reaction matches: 1923452
Avg timestep duration: 3.334252e-05, iterations remaining: 300000, Time left: 0 minutes
Estimated end time: 2025-03-18 01:43:49
------------------------------------------------- 
------------------- 
End iteration: 710000, simulation time: 1.420000e-01 seconds.
System time: 2025-03-18 01:43:39
Elapsed time: 0 minutes
Number of molecules: 150
Number of complexes: 53
Total reaction matches: 1929318
Avg timestep duration: 2.870778e-05, iterations remaining: 290000, Time left: 0 minutes
Estimated end time: 2025-03-18 01:43:47
------------------------------------------------- 
------------------- 
End iteration: 720000, simulation time: 1.440000e-01 seconds.
System time: 2025-03-18 01:43:39
Elapsed time: 0 minutes
Number of molecules: 150
Number of complexes: 54
Total reaction matches: 1935834
Avg timestep duration: 2.871284e-05, iterations remaining: 280000, Time left: 0 minutes
Estimated end time: 2025-03-18 01:43:47
------------------------------------------------- 
------------------- 
End iteration: 730000, simulation time: 1.460000e-01 seconds.
System time: 2025-03-18 01:43:40
Elapsed time: 0 minutes
Number of molecules: 150
Number of complexes: 53
Total reaction matches: 1940845
Avg timestep duration: 3.073867e-05, iterations remaining: 270000, Time left: 0 minutes
Estimated end time: 2025-03-18 01:43:48
------------------------------------------------- 
------------------- 
End iteration: 740000, simulation time: 1.480000e-01 seconds.
System time: 2025-03-18 01:43:40
Elapsed time: 0 minutes
Number of molecules: 150
Number of complexes: 53
Total reaction matches: 1944694
Avg timestep duration: 2.931642e-05, iterations remaining: 260000, Time left: 0 minutes
Estimated end time: 2025-03-18 01:43:47
------------------------------------------------- 
------------------- 
End iteration: 750000, simulation time: 1.500000e-01 seconds.
System time: 2025-03-18 01:43:40
Elapsed time: 0 minutes
Number of molecules: 150
Number of complexes: 53
Total reaction matches: 1951216
Avg timestep duration: 3.044587e-05, iterations remaining: 250000, Time left: 0 minutes
Estimated end time: 2025-03-18 01:43:48
------------------------------------------------- 
------------------- 
End iteration: 760000, simulation time: 1.520000e-01 seconds.
System time: 2025-03-18 01:43:40
Elapsed time: 0 minutes
Number of molecules: 150
Number of complexes: 53
Total reaction matches: 1955793
Avg timestep duration: 3.135202e-05, iterations remaining: 240000, Time left: 0 minutes
Estimated end time: 2025-03-18 01:43:48
------------------------------------------------- 
------------------- 
End iteration: 770000, simulation time: 1.540000e-01 seconds.
System time: 2025-03-18 01:43:41
Elapsed time: 0 minutes
Number of molecules: 150
Number of complexes: 53
Total reaction matches: 1959474
Avg timestep duration: 2.894880e-05, iterations remaining: 230000, Time left: 0 minutes
Estimated end time: 2025-03-18 01:43:47
------------------------------------------------- 
------------------- 
End iteration: 780000, simulation time: 1.560000e-01 seconds.
System time: 2025-03-18 01:43:41
Elapsed time: 0 minutes
Number of molecules: 150
Number of complexes: 53
Total reaction matches: 1966567
Avg timestep duration: 3.181735e-05, iterations remaining: 220000, Time left: 0 minutes
Estimated end time: 2025-03-18 01:43:48
------------------------------------------------- 
------------------- 
End iteration: 790000, simulation time: 1.580000e-01 seconds.
System time: 2025-03-18 01:43:41
Elapsed time: 0 minutes
Number of molecules: 150
Number of complexes: 53
Total reaction matches: 1974576
Avg timestep duration: 3.199394e-05, iterations remaining: 210000, Time left: 0 minutes
Estimated end time: 2025-03-18 01:43:48
------------------------------------------------- 
------------------- 
End iteration: 800000, simulation time: 1.600000e-01 seconds.
System time: 2025-03-18 01:43:42
Elapsed time: 0 minutes
Number of molecules: 150
Number of complexes: 53
Total reaction matches: 1980659
Avg timestep duration: 3.286486e-05, iterations remaining: 200000, Time left: 0 minutes
Estimated end time: 2025-03-18 01:43:48
------------------------------------------------- 
------------------- 
End iteration: 810000, simulation time: 1.620000e-01 seconds.
System time: 2025-03-18 01:43:42
Elapsed time: 0 minutes
Number of molecules: 150
Number of complexes: 53
Total reaction matches: 1987365
Avg timestep duration: 3.155789e-05, iterations remaining: 190000, Time left: 0 minutes
Estimated end time: 2025-03-18 01:43:48
------------------------------------------------- 
------------------- 
End iteration: 820000, simulation time: 1.640000e-01 seconds.
System time: 2025-03-18 01:43:42
Elapsed time: 0 minutes
Number of molecules: 150
Number of complexes: 53
Total reaction matches: 1993865
Avg timestep duration: 2.969437e-05, iterations remaining: 180000, Time left: 0 minutes
Estimated end time: 2025-03-18 01:43:48
------------------------------------------------- 
------------------- 
End iteration: 830000, simulation time: 1.660000e-01 seconds.
System time: 2025-03-18 01:43:42
Elapsed time: 0 minutes
Number of molecules: 150
Number of complexes: 53
Total reaction matches: 2001019
Avg timestep duration: 2.999754e-05, iterations remaining: 170000, Time left: 0 minutes
Estimated end time: 2025-03-18 01:43:48
------------------------------------------------- 
------------------- 
End iteration: 840000, simulation time: 1.680000e-01 seconds.
System time: 2025-03-18 01:43:43
Elapsed time: 0 minutes
Number of molecules: 150
Number of complexes: 53
Total reaction matches: 2004485
Avg timestep duration: 2.973590e-05, iterations remaining: 160000, Time left: 0 minutes
Estimated end time: 2025-03-18 01:43:47
------------------------------------------------- 
------------------- 
End iteration: 850000, simulation time: 1.700000e-01 seconds.
System time: 2025-03-18 01:43:43
Elapsed time: 0 minutes
Number of molecules: 150
Number of complexes: 53
Total reaction matches: 2010557
Avg timestep duration: 3.016472e-05, iterations remaining: 150000, Time left: 0 minutes
Estimated end time: 2025-03-18 01:43:48
------------------------------------------------- 
------------------- 
End iteration: 860000, simulation time: 1.720000e-01 seconds.
System time: 2025-03-18 01:43:43
Elapsed time: 0 minutes
Number of molecules: 150
Number of complexes: 53
Total reaction matches: 2017702
Avg timestep duration: 3.020674e-05, iterations remaining: 140000, Time left: 0 minutes
Estimated end time: 2025-03-18 01:43:48
------------------------------------------------- 
------------------- 
End iteration: 870000, simulation time: 1.740000e-01 seconds.
System time: 2025-03-18 01:43:44
Elapsed time: 0 minutes
Number of molecules: 150
Number of complexes: 53
Total reaction matches: 2023623
Avg timestep duration: 2.995110e-05, iterations remaining: 130000, Time left: 0 minutes
Estimated end time: 2025-03-18 01:43:47
------------------------------------------------- 
------------------- 
End iteration: 880000, simulation time: 1.760000e-01 seconds.
System time: 2025-03-18 01:43:44
Elapsed time: 0 minutes
Number of molecules: 150
Number of complexes: 53
Total reaction matches: 2029786
Avg timestep duration: 2.958533e-05, iterations remaining: 120000, Time left: 0 minutes
Estimated end time: 2025-03-18 01:43:47
------------------------------------------------- 
------------------- 
End iteration: 890000, simulation time: 1.780000e-01 seconds.
System time: 2025-03-18 01:43:44
Elapsed time: 0 minutes
Number of molecules: 150
Number of complexes: 53
Total reaction matches: 2037152
Avg timestep duration: 3.137696e-05, iterations remaining: 110000, Time left: 0 minutes
Estimated end time: 2025-03-18 01:43:48
------------------------------------------------- 
------------------- 
End iteration: 900000, simulation time: 1.800000e-01 seconds.
System time: 2025-03-18 01:43:44
Elapsed time: 0 minutes
Number of molecules: 150
Number of complexes: 53
Total reaction matches: 2040169
Avg timestep duration: 3.091098e-05, iterations remaining: 100000, Time left: 0 minutes
Estimated end time: 2025-03-18 01:43:48
------------------------------------------------- 
------------------- 
End iteration: 910000, simulation time: 1.820000e-01 seconds.
System time: 2025-03-18 01:43:45
Elapsed time: 0 minutes
Number of molecules: 150
Number of complexes: 53
Total reaction matches: 2044848
Avg timestep duration: 2.992663e-05, iterations remaining: 90000, Time left: 0 minutes
Estimated end time: 2025-03-18 01:43:47
------------------------------------------------- 
------------------- 
End iteration: 920000, simulation time: 1.840000e-01 seconds.
System time: 2025-03-18 01:43:45
Elapsed time: 0 minutes
Number of molecules: 150
Number of complexes: 53
Total reaction matches: 2050664
Avg timestep duration: 2.935518e-05, iterations remaining: 80000, Time left: 0 minutes
Estimated end time: 2025-03-18 01:43:47
------------------------------------------------- 
------------------- 
End iteration: 930000, simulation time: 1.860000e-01 seconds.
System time: 2025-03-18 01:43:45
Elapsed time: 0 minutes
Number of molecules: 150
Number of complexes: 53
Total reaction matches: 2058039
Avg timestep duration: 2.864270e-05, iterations remaining: 70000, Time left: 0 minutes
Estimated end time: 2025-03-18 01:43:47
------------------------------------------------- 
------------------- 
End iteration: 940000, simulation time: 1.880000e-01 seconds.
System time: 2025-03-18 01:43:46
Elapsed time: 0 minutes
Number of molecules: 150
Number of complexes: 53
Total reaction matches: 2063188
Avg timestep duration: 2.960192e-05, iterations remaining: 60000, Time left: 0 minutes
Estimated end time: 2025-03-18 01:43:47
------------------------------------------------- 
------------------- 
End iteration: 950000, simulation time: 1.900000e-01 seconds.
System time: 2025-03-18 01:43:46
Elapsed time: 0 minutes
Number of molecules: 150
Number of complexes: 54
Total reaction matches: 2069084
Avg timestep duration: 2.967580e-05, iterations remaining: 50000, Time left: 0 minutes
Estimated end time: 2025-03-18 01:43:47
------------------------------------------------- 
------------------- 
End iteration: 960000, simulation time: 1.920000e-01 seconds.
System time: 2025-03-18 01:43:46
Elapsed time: 0 minutes
Number of molecules: 150
Number of complexes: 54
Total reaction matches: 2075973
Avg timestep duration: 2.880213e-05, iterations remaining: 40000, Time left: 0 minutes
Estimated end time: 2025-03-18 01:43:47
------------------------------------------------- 
------------------- 
End iteration: 970000, simulation time: 1.940000e-01 seconds.
System time: 2025-03-18 01:43:46
Elapsed time: 0 minutes
Number of molecules: 150
Number of complexes: 54
Total reaction matches: 2084952
Avg timestep duration: 3.163557e-05, iterations remaining: 30000, Time left: 0 minutes
Estimated end time: 2025-03-18 01:43:47
------------------------------------------------- 
------------------- 
End iteration: 980000, simulation time: 1.960000e-01 seconds.
System time: 2025-03-18 01:43:47
Elapsed time: 0 minutes
Number of molecules: 150
Number of complexes: 54
Total reaction matches: 2092383
Avg timestep duration: 2.888927e-05, iterations remaining: 20000, Time left: 0 minutes
Estimated end time: 2025-03-18 01:43:47
------------------------------------------------- 
------------------- 
End iteration: 990000, simulation time: 1.980000e-01 seconds.
System time: 2025-03-18 01:43:47
Elapsed time: 0 minutes
Number of molecules: 150
Number of complexes: 53
Total reaction matches: 2100690
Avg timestep duration: 2.918116e-05, iterations remaining: 10000, Time left: 0 minutes
Estimated end time: 2025-03-18 01:43:47
------------------------------------------------- 
------------------------------------------------- 
End simulation
End date: 2025-03-18 01:43:47
	Wall Time: 2.940932e+01 seconds
