Command: ./nerdss -f parms.inp
Start date: 2025-03-18 01:29:52
RNG Seed: 635134617

Parsing Input: 
This is a new simulation with input file: parms.inp
Parsing simulation parameters...
Read in nItr: 100000 timeSteps
Read in timeStep: 0.5 us
Read in timeWrite: 10000 timeSteps
Read in trajWrite: 10000 timeSteps
Read in pdbWrite: 10000 timeSteps
Read in restartWrite: 100000 timeSteps
Read in checkPoint: 100000 timeSteps
Read in transitionWrite: 10000 timeSteps
Read in clusterOverlapCheck: false
Read in scaleMaxDisplace: 100
Read in overlapSepLimit: 0.1 nm
Parsing simulation boundary conditions...
Read in waterBox: [500 nm, 500 nm, 500 nm]
Read in hasCompartment: false
Read in compartmentR: 0 nm
Read in compartmentSiteD: 0 nm^2/us
Read in compartmentSiteRho: 0 nm^-2
Parsing mol file information...
A.mol
Read in isLipid: false
Read in isImplicitLipid: false
Read in checkOverlap: true
Read in countTransition: true
Read in mass: 1
Read in D: [20um^2s^-1, 20um^2s^-1, 20um^2s^-1]
Read in Dr: [0.2rad^2s^-1, 0.2rad^2s^-1, 0.2rad^2s^-1]
Coordinates: 
COM: [0nm, 0nm, 0nm]
A1: [-0.700796nm, -1.43146nm, 1.3747nm]
A2: [1.04868nm, -0.244827nm, -1.03674nm]
A3: [0.49295nm, -2.77698nm, -1.03223nm]
Bonds: 
Invalid atom in A mol file. Ignoring bonds...
radius calculated from the ifacesCoord: 3.00335 nm

Parsing reactions...
Parsing new reaction with form:
	A(A1) + A(A1) <-> A(A1!1).A(A1!1)
Reversible reaction.
Bimolecular reaction detected.
Parsing reactants...
Parsing products...
Read in value of onRate3Dka: 1000nm^3us^-1
Read in value of offRatekb: 10s^-1
Read in value of sigma: 0.497605nm
Read in value of norm1: [0i + 0j + 1k]
Read in value of norm2: [0i + 0j + 1k]
Read in value of assocAngles: [theta1: 2.52976, theta2: 2.55896, phi1: 0.772892, phi2: 0.753389, omega: 0.968292]
Read in value of length3Dto2D: 2nm
Read in value of bindRadSameCom: 1.5
Read in value of loopCoopFactor: 1
Finished reading reaction parameters, constructing reaction.
Checking for valid states for reactant A
Checking for valid states for reactant A
Found corresponding interfaces: React: A(A1) -- Prod: A(A1)
Found corresponding interfaces: React: A(A1) -- Prod: A(A1)
Parameter set complete for reaction [A(A1)+A(A1)<->A(A1!1).A(A1!1)].

Parsing new reaction with form:
	A(A2) + A(A2) <-> A(A2!1).A(A2!1)
Reversible reaction.
Bimolecular reaction detected.
Parsing reactants...
Parsing products...
Read in value of onRate3Dka: 1000nm^3us^-1
Read in value of offRatekb: 10s^-1
Read in value of sigma: 0.767036nm
Read in value of norm1: [0i + 0j + 1k]
Read in value of norm2: [0i + 0j + 1k]
Read in value of assocAngles: [theta1: 2.92972, theta2: 2.94356, phi1: -3.12468, phi2: 3.12357, omega: 1.655]
Read in value of length3Dto2D: 2nm
Read in value of bindRadSameCom: 1.5
Read in value of loopCoopFactor: 1
Finished reading reaction parameters, constructing reaction.
Checking for valid states for reactant A
Checking for valid states for reactant A
Found corresponding interfaces: React: A(A2) -- Prod: A(A2)
Found corresponding interfaces: React: A(A2) -- Prod: A(A2)
Parameter set complete for reaction [A(A2)+A(A2)<->A(A2!1).A(A2!1)].

Parsing new reaction with form:
	A(A3) + A(A3) <-> A(A3!1).A(A3!1)
Reversible reaction.
Bimolecular reaction detected.
Parsing reactants...
Parsing products...
Read in value of onRate3Dka: 1000nm^3us^-1
Read in value of offRatekb: 10s^-1
Read in value of sigma: 1.14345nm
Read in value of norm1: [0i + 0j + 1k]
Read in value of norm2: [0i + 0j + 1k]
Read in value of assocAngles: [theta1: 2.32458, theta2: 2.33653, phi1: 1.78553, phi2: 1.78511, omega: 0.662349]
Read in value of length3Dto2D: 2nm
Read in value of bindRadSameCom: 1.5
Read in value of loopCoopFactor: 1
Checking for valid states for reactant A
Checking for valid states for reactant A
Found corresponding interfaces: React: A(A3) -- Prod: A(A3)
Found corresponding interfaces: React: A(A3) -- Prod: A(A3)
Parameter set complete for reaction [A(A3)+A(A3)<->A(A3!1).A(A3!1)].


Input file parsing complete
NUMBER OF MOLECULE TYPES: 1NUMBER OF INTERFACES PLUS STATES, including PRODUCTS: 6
NUMBER OF MOLECULES IN GEN COORDS: 200

Finding and fixing overlapping proteins.
Iteration: 1
Overlapping Proteins (false): 0
No overlapping proteins found.

coordinate file: 

Partitioning simulation box into sub-boxes...
Rmaxlimit: 40.9556
Simulation volume parameters:
Total sub-volumes: 1728
	Dimensions: [12, 12, 12]
	Maximum sub-volume neighbors: 13
	Sub-volume size: [41.6667, 41.6667, 41.6667]
 Total species calculated from init_speciesFile.cpp: 6
Initialized copyNumSpecies. Printing all values. total species: 6
 absolute index: 0 Copy nums: 200
 absolute index: 1 Copy nums: 200
 absolute index: 2 Copy nums: 200
 absolute index: 3 Copy nums: 0
 absolute index: 4 Copy nums: 0
 absolute index: 5 Copy nums: 0
Pro pair:  p1: 0 p2: 0 index: 0 A,A'	size of proPairlist: 1 Number of pairs: 1 numMolTypes: 1

Simulation Parameters
Number of iterations: 100000 timesteps
Timestep: 0.5 us
Timestep log interval (timeWrite): 10000 timesteps
Restart file write interval: 100000 timesteps
Coordinate write interval (trajWrite): 10000 timesteps
PDB Coordinate write interval: 10000 timesteps
Checkpoint write interval: 100000 timesteps
overlapSepLimit: 0.1 nm
Transition matrix write interval: 10000 timesteps
ClusterOverlapCheck: false
Molecule specific parameters:
Number of unique molecule types: 1
Total number of unique interfaces and states, including product states: 6
Total number of complexes in system at start: 200
Total number of units (molecules + interfaces) in system at start: 800
Maximum allowed number of unique 2D reactions: 10000
 isSphere? false
 sphere Radius 0
 hasCompartment? true
 compartment Radius 0
 BOX geometry, dimensions: 
500 500 500
 hasImplicitLipid? false

Molecule Information
Molecule template 0
Name: A
Copy number:200
 Diffusion trans: 20 20 20
 Diffusion Rot: 0.2 0.2 0.2
Is a promoter: false
Is a rod: false
Is a point: false
Radius: 3.00335

Interfaces:
Name: A1
Relative index: 0
Absolute index: 0
Forward Reactions:  (0)

Name: A2
Relative index: 1
Absolute index: 1
Forward Reactions:  (1)

Name: A3
Relative index: 2
Absolute index: 2
Forward Reactions:  (2)


Reactions
Forward Rxn: 0
Absolute index: 0
Type: Bimolecular association
Reactants:
 [iface name: A1, iface index: 0, required Free]
 [iface name: A1, iface index: 0, required Free]

Products:
 [iface name: A1, iface index: 3, requires interaction]
 [iface name: A1, iface index: 3, requires interaction]

Rate(s):
Rate 0: 1000
Reactant 1 requires interfaces:
Reactant 2 requires interfaces:
Sigma: 0.497605
Association angles:
Theta 1   2.52976
Theta 2   2.55896
Phi 1     0.772892
Phi 2     0.753389
Omega     0.968292

label: nonspecified
Is On Membrane: false
bindRadSameCom 1.5
loopCoopFactor 1
length3Dto2D 2
area3Dto1D -1
isCoupled? false

Back Rxn: 0
Absolute index: 1
Type: Bimolecular association
Reactants:
 [iface name: A1, iface index: 3, requires interaction]
 [iface name: A1, iface index: 3, requires interaction]

Products:
 [iface name: A1, iface index: 0, required Free]
 [iface name: A1, iface index: 0, required Free]


Rate(s):
Rate 0: 10
Reactant 1 requires interfaces:
Reactant 2 requires interfaces:
On Membrane? false
Forward Rxn: 1
Absolute index: 2
Type: Bimolecular association
Reactants:
 [iface name: A2, iface index: 1, required Free]
 [iface name: A2, iface index: 1, required Free]

Products:
 [iface name: A2, iface index: 4, requires interaction]
 [iface name: A2, iface index: 4, requires interaction]

Rate(s):
Rate 0: 1000
Reactant 1 requires interfaces:
Reactant 2 requires interfaces:
Sigma: 0.767036
Association angles:
Theta 1   2.92972
Theta 2   2.94356
Phi 1     -3.12468
Phi 2     3.12357
Omega       1.655

label: nonspecified
Is On Membrane: false
bindRadSameCom 1.5
loopCoopFactor 1
length3Dto2D 2
area3Dto1D -1
isCoupled? false

Back Rxn: 1
Absolute index: 3
Type: Bimolecular association
Reactants:
 [iface name: A2, iface index: 4, requires interaction]
 [iface name: A2, iface index: 4, requires interaction]

Products:
 [iface name: A2, iface index: 1, required Free]
 [iface name: A2, iface index: 1, required Free]


Rate(s):
Rate 0: 10
Reactant 1 requires interfaces:
Reactant 2 requires interfaces:
On Membrane? false
Forward Rxn: 2
Absolute index: 4
Type: Bimolecular association
Reactants:
 [iface name: A3, iface index: 2, required Free]
 [iface name: A3, iface index: 2, required Free]

Products:
 [iface name: A3, iface index: 5, requires interaction]
 [iface name: A3, iface index: 5, requires interaction]

Rate(s):
Rate 0: 1000
Reactant 1 requires interfaces:
Reactant 2 requires interfaces:
Sigma: 1.14345
Association angles:
Theta 1   2.32458
Theta 2   2.33653
Phi 1     1.78553
Phi 2     1.78511
Omega     0.662349

label: nonspecified
Is On Membrane: false
bindRadSameCom 1.5
loopCoopFactor 1
length3Dto2D 2
area3Dto1D -1
isCoupled? false

Back Rxn: 2
Absolute index: 5
Type: Bimolecular association
Reactants:
 [iface name: A3, iface index: 5, requires interaction]
 [iface name: A3, iface index: 5, requires interaction]

Products:
 [iface name: A3, iface index: 2, required Free]
 [iface name: A3, iface index: 2, required Free]


Rate(s):
Rate 0: 10
Reactant 1 requires interfaces:
Reactant 2 requires interfaces:
On Membrane? false
*************** BEGIN SIMULATION **************** 
------------------- 
End iteration: 10000, simulation time: 5.000000e-03 seconds.
System time: 2025-03-18 01:29:52
Elapsed time: 0 minutes
Number of molecules: 200
Number of complexes: 74
Total reaction matches: 2021875
Avg timestep duration: 5.403182e-05, iterations remaining: 90000, Time left: 0 minutes
Estimated end time: 2025-03-18 01:29:57
------------------------------------------------- 
------------------- 
End iteration: 20000, simulation time: 1.000000e-02 seconds.
System time: 2025-03-18 01:29:53
Elapsed time: 0 minutes
Number of molecules: 200
Number of complexes: 69
Total reaction matches: 2641480
Avg timestep duration: 4.992992e-05, iterations remaining: 80000, Time left: 0 minutes
Estimated end time: 2025-03-18 01:29:57
------------------------------------------------- 
------------------- 
End iteration: 30000, simulation time: 1.500000e-02 seconds.
System time: 2025-03-18 01:29:53
Elapsed time: 0 minutes
Number of molecules: 200
Number of complexes: 65
Total reaction matches: 3161082
Avg timestep duration: 4.826516e-05, iterations remaining: 70000, Time left: 0 minutes
Estimated end time: 2025-03-18 01:29:57
------------------------------------------------- 
------------------- 
End iteration: 40000, simulation time: 2.000000e-02 seconds.
System time: 2025-03-18 01:29:54
Elapsed time: 0 minutes
Number of molecules: 200
Number of complexes: 62
Total reaction matches: 3544163
Avg timestep duration: 4.497672e-05, iterations remaining: 60000, Time left: 0 minutes
Estimated end time: 2025-03-18 01:29:56
------------------------------------------------- 
------------------- 
End iteration: 50000, simulation time: 2.500000e-02 seconds.
System time: 2025-03-18 01:29:54
Elapsed time: 0 minutes
Number of molecules: 200
Number of complexes: 61
Total reaction matches: 3829745
Avg timestep duration: 4.814405e-05, iterations remaining: 50000, Time left: 0 minutes
Estimated end time: 2025-03-18 01:29:57
------------------------------------------------- 
------------------- 
End iteration: 60000, simulation time: 3.000000e-02 seconds.
System time: 2025-03-18 01:29:55
Elapsed time: 0 minutes
Number of molecules: 200
Number of complexes: 61
Total reaction matches: 4163314
Avg timestep duration: 4.447387e-05, iterations remaining: 40000, Time left: 0 minutes
Estimated end time: 2025-03-18 01:29:56
------------------------------------------------- 
------------------- 
End iteration: 70000, simulation time: 3.500000e-02 seconds.
System time: 2025-03-18 01:29:55
Elapsed time: 0 minutes
Number of molecules: 200
Number of complexes: 61
Total reaction matches: 4464153
Avg timestep duration: 4.412777e-05, iterations remaining: 30000, Time left: 0 minutes
Estimated end time: 2025-03-18 01:29:56
------------------------------------------------- 
------------------- 
End iteration: 80000, simulation time: 4.000000e-02 seconds.
System time: 2025-03-18 01:29:55
Elapsed time: 0 minutes
Number of molecules: 200
Number of complexes: 60
Total reaction matches: 4709968
Avg timestep duration: 4.276819e-05, iterations remaining: 20000, Time left: 0 minutes
Estimated end time: 2025-03-18 01:29:56
------------------------------------------------- 
------------------- 
End iteration: 90000, simulation time: 4.500000e-02 seconds.
System time: 2025-03-18 01:29:56
Elapsed time: 0 minutes
Number of molecules: 200
Number of complexes: 59
Total reaction matches: 4899278
Avg timestep duration: 4.170416e-05, iterations remaining: 10000, Time left: 0 minutes
Estimated end time: 2025-03-18 01:29:56
------------------------------------------------- 
------------------------------------------------- 
End simulation
End date: 2025-03-18 01:29:56
	Wall Time: 4.616067e+00 seconds
